#
# There is insufficient memory for the Java Runtime Environment to continue.
# Native memory allocation (malloc) failed to allocate 2347680 bytes for Chunk::new
# Possible reasons:
#   The system is out of physical RAM or swap space
#   The process is running with CompressedOops enabled, and the Java Heap may be blocking the growth of the native heap
# Possible solutions:
#   Reduce memory load on the system
#   Increase physical memory or swap space
#   Check if swap backing store is full
#   Decrease Java heap size (-Xmx/-Xms)
#   Decrease number of Java threads
#   Decrease Java thread stack sizes (-Xss)
#   Set larger code cache with -XX:ReservedCodeCacheSize=
#   JVM is running with Unscaled Compressed Oops mode in which the Java heap is
#     placed in the first 4GB address space. The Java Heap base address is the
#     maximum limit for the native heap growth. Please use -XX:HeapBaseMinAddress
#     to set the Java Heap base and to place the Java Heap above 4GB virtual address.
# This output file may be truncated or incomplete.
#
#  Out of Memory Error (arena.cpp:184), pid=24332, tid=15016
#
# JRE version: Java(TM) SE Runtime Environment (18.0.2.1+1) (build 18.0.2.1+1-1)
# Java VM: Java HotSpot(TM) 64-Bit Server VM (18.0.2.1+1-1, mixed mode, sharing, tiered, compressed oops, compressed class ptrs, g1 gc, windows-amd64)
# No core dump will be written. Minidumps are not enabled by default on client versions of Windows
#

---------------  S U M M A R Y ------------

Command Line: -Dfile.encoding=UTF-8 --module-path=C:\Users\Ruthvik Bangera\Desktop\elec demo\Electricity-Billing-System\build\classes electricity.billing.system.Project

Host: AMD Ryzen 5 3550H with Radeon Vega Mobile Gfx  , 8 cores, 5G,  Windows 11 , 64 bit Build 22621 (10.0.22621.963)
Time: Tue Jan 17 12:19:38 2023 India Standard Time elapsed time: 2.230948 seconds (0d 0h 0m 2s)

---------------  T H R E A D  ---------------

Current thread (0x000001e6c54441c0):  JavaThread "C2 CompilerThread0" daemon [_thread_in_native, id=15016, stack(0x000000451ee00000,0x000000451ef00000)]


Current CompileTask:
C2:   2231  750 % !   4       sun.awt.image.PNGImageDecoder::produceImage @ 960 (1917 bytes)

Stack: [0x000000451ee00000,0x000000451ef00000]
Native frames: (J=compiled Java code, j=interpreted, Vv=VM code, C=native code)
V  [jvm.dll+0x6993aa]
V  [jvm.dll+0x7f46dd]
V  [jvm.dll+0x7f5fee]
V  [jvm.dll+0x7f66a3]
V  [jvm.dll+0x25cf1f]
V  [jvm.dll+0xb8c2f]
V  [jvm.dll+0xb8fa5]
V  [jvm.dll+0x3860cb]
V  [jvm.dll+0x1d2d58]
V  [jvm.dll+0x230259]
V  [jvm.dll+0x22f4d1]
V  [jvm.dll+0x1ba01c]
V  [jvm.dll+0x23ee0a]
V  [jvm.dll+0x23d0f5]
V  [jvm.dll+0x7a6dd1]
V  [jvm.dll+0x7a120a]
V  [jvm.dll+0x698255]
C  [ucrtbase.dll+0x29363]
C  [KERNEL32.DLL+0x126bd]
C  [ntdll.dll+0x5dfb8]


---------------  P R O C E S S  ---------------

Threads class SMR info:
_java_thread_list=0x000001e6ce927880, length=19, elements={
0x000001e6c5421710, 0x000001e6c54240c0, 0x000001e6c5438ec0, 0x000001e6c543d870,
0x000001e6c543fe30, 0x000001e6c54403e0, 0x000001e6c54441c0, 0x000001e6c544e7d0,
0x000001e6c5456db0, 0x000001e6a8608fb0, 0x000001e6c98ef800, 0x000001e6c9aa7f10,
0x000001e6c9aac3e0, 0x000001e6c9ab4ac0, 0x000001e6ce718820, 0x000001e6ce798810,
0x000001e6cec00e70, 0x000001e6a854b330, 0x000001e6ce70b780
}

Java Threads: ( => current thread )
  0x000001e6c5421710 JavaThread "Reference Handler" daemon [_thread_blocked, id=12824, stack(0x000000451e800000,0x000000451e900000)]
  0x000001e6c54240c0 JavaThread "Finalizer" daemon [_thread_blocked, id=5316, stack(0x000000451e900000,0x000000451ea00000)]
  0x000001e6c5438ec0 JavaThread "Signal Dispatcher" daemon [_thread_blocked, id=3140, stack(0x000000451ea00000,0x000000451eb00000)]
  0x000001e6c543d870 JavaThread "Attach Listener" daemon [_thread_blocked, id=18452, stack(0x000000451eb00000,0x000000451ec00000)]
  0x000001e6c543fe30 JavaThread "Service Thread" daemon [_thread_blocked, id=20296, stack(0x000000451ec00000,0x000000451ed00000)]
  0x000001e6c54403e0 JavaThread "Monitor Deflation Thread" daemon [_thread_blocked, id=20704, stack(0x000000451ed00000,0x000000451ee00000)]
=>0x000001e6c54441c0 JavaThread "C2 CompilerThread0" daemon [_thread_in_native, id=15016, stack(0x000000451ee00000,0x000000451ef00000)]
  0x000001e6c544e7d0 JavaThread "C1 CompilerThread0" daemon [_thread_blocked, id=23468, stack(0x000000451ef00000,0x000000451f000000)]
  0x000001e6c5456db0 JavaThread "Sweeper thread" daemon [_thread_blocked, id=8876, stack(0x000000451f000000,0x000000451f100000)]
  0x000001e6a8608fb0 JavaThread "Common-Cleaner" daemon [_thread_blocked, id=10184, stack(0x000000451f100000,0x000000451f200000)]
  0x000001e6c98ef800 JavaThread "Notification Thread" daemon [_thread_blocked, id=23416, stack(0x000000451f200000,0x000000451f300000)]
  0x000001e6c9aa7f10 JavaThread "Java2D Disposer" daemon [_thread_blocked, id=12140, stack(0x000000451f400000,0x000000451f500000)]
  0x000001e6c9aac3e0 JavaThread "AWT-Shutdown" [_thread_blocked, id=7308, stack(0x000000451f500000,0x000000451f600000)]
  0x000001e6c9ab4ac0 JavaThread "AWT-Windows" daemon [_thread_in_native, id=13908, stack(0x000000451f600000,0x000000451f700000)]
  0x000001e6ce718820 JavaThread "Image Fetcher 0" daemon [_thread_blocked, id=1920, stack(0x000000451ff00000,0x0000004520000000)]
  0x000001e6ce798810 JavaThread "Image Fetcher 1" daemon [_thread_blocked, id=24444, stack(0x0000004520000000,0x0000004520100000)]
  0x000001e6cec00e70 JavaThread "AWT-EventQueue-0" [_thread_in_native, id=21092, stack(0x0000004520800000,0x0000004520900000)]
  0x000001e6a854b330 JavaThread "DestroyJavaVM" [_thread_blocked, id=25180, stack(0x000000451e100000,0x000000451e200000)]
  0x000001e6ce70b780 JavaThread "D3D Screen Updater" daemon [_thread_blocked, id=300, stack(0x0000004520900000,0x0000004520a00000)]

Other Threads:
  0x000001e6a85b5560 VMThread "VM Thread" [stack: 0x000000451e700000,0x000000451e800000] [id=20908]
  0x000001e6c98efcc0 WatcherThread "VM Periodic Task Thread" [stack: 0x000000451f300000,0x000000451f400000] [id=7740]
  0x000001e6a859d560 WorkerThread "GC Thread#0" [stack: 0x000000451e200000,0x000000451e300000] [id=22036]
  0x000001e6ce789ef0 WorkerThread "GC Thread#1" [stack: 0x0000004520100000,0x0000004520200000] [id=10944]
  0x000001e6ce78a190 WorkerThread "GC Thread#2" [stack: 0x0000004520200000,0x0000004520300000] [id=10116]
  0x000001e6ce78a430 WorkerThread "GC Thread#3" [stack: 0x0000004520300000,0x0000004520400000] [id=19840]
  0x000001e6ce831110 WorkerThread "GC Thread#4" [stack: 0x0000004520400000,0x0000004520500000] [id=7332]
  0x000001e6ce900f60 WorkerThread "GC Thread#5" [stack: 0x0000004520500000,0x0000004520600000] [id=1636]
  0x000001e6ce7b3ed0 WorkerThread "GC Thread#6" [stack: 0x0000004520600000,0x0000004520700000] [id=11384]
  0x000001e6ce7b4170 WorkerThread "GC Thread#7" [stack: 0x0000004520700000,0x0000004520800000] [id=26904]
  0x000001e6a85ab440 ConcurrentGCThread "G1 Main Marker" [stack: 0x000000451e300000,0x000000451e400000] [id=1520]
  0x000001e6a85ad480 WorkerThread "G1 Conc#0" [stack: 0x000000451e400000,0x000000451e500000] [id=13428]
  0x000001e6a85f3550 ConcurrentGCThread "G1 Refine#0" [stack: 0x000000451e500000,0x000000451e600000] [id=16972]
  0x000001e6a85f3d00 ConcurrentGCThread "G1 Service" [stack: 0x000000451e600000,0x000000451e700000] [id=15324]

Threads with active compile tasks:
C2 CompilerThread0     2328  750 % !   4       sun.awt.image.PNGImageDecoder::produceImage @ 960 (1917 bytes)

VM state: not at safepoint (normal execution)

VM Mutex/Monitor currently owned by a thread: None

Heap address: 0x00000000a0e00000, size: 1522 MB, Compressed Oops mode: 32-bit

CDS archive(s) mapped at: [0x0000000800000000-0x0000000800ba0000-0x0000000800ba0000), size 12189696, SharedBaseAddress: 0x0000000800000000, ArchiveRelocationMode: 0.
Compressed class space mapped at: 0x0000000800c00000-0x0000000840c00000, reserved size: 1073741824
Narrow klass base: 0x0000000800000000, Narrow klass shift: 0, Narrow klass range: 0x100000000

GC Precious Log:
 CardTable entry size: 512
 Card Set container configuration: InlinePtr #cards 5 size 8 Array Of Cards #cards 12 size 40 Howl #buckets 4 coarsen threshold 1843 Howl Bitmap #cards 512 size 80 coarsen threshold 460 Card regions per heap region 1 cards per card region 2048
 CPUs: 8 total, 8 available
 Memory: 6081M
 Large Page Support: Disabled
 NUMA Support: Disabled
 Compressed Oops: Enabled (32-bit)
 Heap Region Size: 1M
 Heap Min Capacity: 8M
 Heap Initial Capacity: 96M
 Heap Max Capacity: 1522M
 Pre-touch: Disabled
 Parallel Workers: 8
 Concurrent Workers: 2
 Concurrent Refinement Workers: 8
 Periodic GC: Disabled

Heap:
 garbage-first heap   total 98304K, used 61284K [0x00000000a0e00000, 0x0000000100000000)
  region size 1024K, 25 young (25600K), 3 survivors (3072K)
 Metaspace       used 6925K, committed 7168K, reserved 1114112K
  class space    used 742K, committed 896K, reserved 1048576K

Heap Regions: E=young(eden), S=young(survivor), O=old, HS=humongous(starts), HC=humongous(continues), CS=collection set, F=free, OA=open archive, CA=closed archive, TAMS=top-at-mark-start (previous, next)
|   0|0x00000000a0e00000, 0x00000000a0f00000, 0x00000000a0f00000|100%|HS|  |TAMS 0x00000000a0e00000, 0x00000000a0e00000| Complete 
|   1|0x00000000a0f00000, 0x00000000a1000000, 0x00000000a1000000|100%|HC|  |TAMS 0x00000000a0f00000, 0x00000000a0f00000| Complete 
|   2|0x00000000a1000000, 0x00000000a1100000, 0x00000000a1100000|100%|HC|  |TAMS 0x00000000a1000000, 0x00000000a1000000| Complete 
|   3|0x00000000a1100000, 0x00000000a1200000, 0x00000000a1200000|100%|HC|  |TAMS 0x00000000a1100000, 0x00000000a1100000| Complete 
|   4|0x00000000a1200000, 0x00000000a1300000, 0x00000000a1300000|100%|HS|  |TAMS 0x00000000a1200000, 0x00000000a1200000| Complete 
|   5|0x00000000a1300000, 0x00000000a1400000, 0x00000000a1400000|100%|HC|  |TAMS 0x00000000a1300000, 0x00000000a1300000| Complete 
|   6|0x00000000a1400000, 0x00000000a1500000, 0x00000000a1500000|100%|HC|  |TAMS 0x00000000a1400000, 0x00000000a1400000| Complete 
|   7|0x00000000a1500000, 0x00000000a1600000, 0x00000000a1600000|100%|HC|  |TAMS 0x00000000a1500000, 0x00000000a1500000| Complete 
|   8|0x00000000a1600000, 0x00000000a1700000, 0x00000000a1700000|100%|HC|  |TAMS 0x00000000a1600000, 0x00000000a1600000| Complete 
|   9|0x00000000a1700000, 0x00000000a1800000, 0x00000000a1800000|100%|HC|  |TAMS 0x00000000a1700000, 0x00000000a1700000| Complete 
|  10|0x00000000a1800000, 0x00000000a1900000, 0x00000000a1900000|100%|HS|  |TAMS 0x00000000a1800000, 0x00000000a1800000| Complete 
|  11|0x00000000a1900000, 0x00000000a1a00000, 0x00000000a1a00000|100%|HC|  |TAMS 0x00000000a1900000, 0x00000000a1900000| Complete 
|  12|0x00000000a1a00000, 0x00000000a1b00000, 0x00000000a1b00000|100%|HS|  |TAMS 0x00000000a1a00000, 0x00000000a1a00000| Complete 
|  13|0x00000000a1b00000, 0x00000000a1c00000, 0x00000000a1c00000|100%|HC|  |TAMS 0x00000000a1b00000, 0x00000000a1b00000| Complete 
|  14|0x00000000a1c00000, 0x00000000a1d00000, 0x00000000a1d00000|100%|HC|  |TAMS 0x00000000a1c00000, 0x00000000a1c00000| Complete 
|  15|0x00000000a1d00000, 0x00000000a1e00000, 0x00000000a1e00000|100%|HC|  |TAMS 0x00000000a1d00000, 0x00000000a1d00000| Complete 
|  16|0x00000000a1e00000, 0x00000000a1f00000, 0x00000000a1f00000|100%|HC|  |TAMS 0x00000000a1e00000, 0x00000000a1e00000| Complete 
|  17|0x00000000a1f00000, 0x00000000a2000000, 0x00000000a2000000|100%|HC|  |TAMS 0x00000000a1f00000, 0x00000000a1f00000| Complete 
|  18|0x00000000a2000000, 0x00000000a2100000, 0x00000000a2100000|100%|HC|  |TAMS 0x00000000a2000000, 0x00000000a2000000| Complete 
|  19|0x00000000a2100000, 0x00000000a2200000, 0x00000000a2200000|100%|HC|  |TAMS 0x00000000a2100000, 0x00000000a2100000| Complete 
|  20|0x00000000a2200000, 0x00000000a2300000, 0x00000000a2300000|100%|HC|  |TAMS 0x00000000a2200000, 0x00000000a2200000| Complete 
|  21|0x00000000a2300000, 0x00000000a2400000, 0x00000000a2400000|100%|HC|  |TAMS 0x00000000a2300000, 0x00000000a2300000| Complete 
|  22|0x00000000a2400000, 0x00000000a2500000, 0x00000000a2500000|100%|HC|  |TAMS 0x00000000a2400000, 0x00000000a2400000| Complete 
|  23|0x00000000a2500000, 0x00000000a2600000, 0x00000000a2600000|100%|HC|  |TAMS 0x00000000a2500000, 0x00000000a2500000| Complete 
|  24|0x00000000a2600000, 0x00000000a2700000, 0x00000000a2700000|100%|HC|  |TAMS 0x00000000a2600000, 0x00000000a2600000| Complete 
|  25|0x00000000a2700000, 0x00000000a2800000, 0x00000000a2800000|100%|HC|  |TAMS 0x00000000a2700000, 0x00000000a2700000| Complete 
|  26|0x00000000a2800000, 0x00000000a2900000, 0x00000000a2900000|100%|HC|  |TAMS 0x00000000a2800000, 0x00000000a2800000| Complete 
|  27|0x00000000a2900000, 0x00000000a2a00000, 0x00000000a2a00000|100%|HC|  |TAMS 0x00000000a2900000, 0x00000000a2900000| Complete 
|  28|0x00000000a2a00000, 0x00000000a2b00000, 0x00000000a2b00000|100%|HC|  |TAMS 0x00000000a2a00000, 0x00000000a2a00000| Complete 
|  29|0x00000000a2b00000, 0x00000000a2c00000, 0x00000000a2c00000|100%|HS|  |TAMS 0x00000000a2b00000, 0x00000000a2b00000| Complete 
|  30|0x00000000a2c00000, 0x00000000a2d00000, 0x00000000a2d00000|100%|HC|  |TAMS 0x00000000a2c00000, 0x00000000a2c00000| Complete 
|  31|0x00000000a2d00000, 0x00000000a2e00000, 0x00000000a2e00000|100%|HC|  |TAMS 0x00000000a2d00000, 0x00000000a2d00000| Complete 
|  32|0x00000000a2e00000, 0x00000000a2f00000, 0x00000000a2f00000|100%|HS|  |TAMS 0x00000000a2e00000, 0x00000000a2e00000| Complete 
|  33|0x00000000a2f00000, 0x00000000a3000000, 0x00000000a3000000|100%|HC|  |TAMS 0x00000000a2f00000, 0x00000000a2f00000| Complete 
|  34|0x00000000a3000000, 0x00000000a3100000, 0x00000000a3100000|100%|HS|  |TAMS 0x00000000a3000000, 0x00000000a3000000| Complete 
|  35|0x00000000a3100000, 0x00000000a3200000, 0x00000000a3200000|100%|HC|  |TAMS 0x00000000a3100000, 0x00000000a3100000| Complete 
|  36|0x00000000a3200000, 0x00000000a3200000, 0x00000000a3300000|  0%| F|  |TAMS 0x00000000a3200000, 0x00000000a3200000| Untracked 
|  37|0x00000000a3300000, 0x00000000a3300000, 0x00000000a3400000|  0%| F|  |TAMS 0x00000000a3300000, 0x00000000a3300000| Untracked 
|  38|0x00000000a3400000, 0x00000000a3400000, 0x00000000a3500000|  0%| F|  |TAMS 0x00000000a3400000, 0x00000000a3400000| Untracked 
|  39|0x00000000a3500000, 0x00000000a3500000, 0x00000000a3600000|  0%| F|  |TAMS 0x00000000a3500000, 0x00000000a3500000| Untracked 
|  40|0x00000000a3600000, 0x00000000a3600000, 0x00000000a3700000|  0%| F|  |TAMS 0x00000000a3600000, 0x00000000a3600000| Untracked 
|  41|0x00000000a3700000, 0x00000000a3700000, 0x00000000a3800000|  0%| F|  |TAMS 0x00000000a3700000, 0x00000000a3700000| Untracked 
|  42|0x00000000a3800000, 0x00000000a3800000, 0x00000000a3900000|  0%| F|  |TAMS 0x00000000a3800000, 0x00000000a3800000| Untracked 
|  43|0x00000000a3900000, 0x00000000a3900000, 0x00000000a3a00000|  0%| F|  |TAMS 0x00000000a3900000, 0x00000000a3900000| Untracked 
|  44|0x00000000a3a00000, 0x00000000a3a00000, 0x00000000a3b00000|  0%| F|  |TAMS 0x00000000a3a00000, 0x00000000a3a00000| Untracked 
|  45|0x00000000a3b00000, 0x00000000a3b00000, 0x00000000a3c00000|  0%| F|  |TAMS 0x00000000a3b00000, 0x00000000a3b00000| Untracked 
|  46|0x00000000a3c00000, 0x00000000a3c00000, 0x00000000a3d00000|  0%| F|  |TAMS 0x00000000a3c00000, 0x00000000a3c00000| Untracked 
|  47|0x00000000a3d00000, 0x00000000a3d00000, 0x00000000a3e00000|  0%| F|  |TAMS 0x00000000a3d00000, 0x00000000a3d00000| Untracked 
|  48|0x00000000a3e00000, 0x00000000a3e00000, 0x00000000a3f00000|  0%| F|  |TAMS 0x00000000a3e00000, 0x00000000a3e00000| Untracked 
|  49|0x00000000a3f00000, 0x00000000a3f00000, 0x00000000a4000000|  0%| F|  |TAMS 0x00000000a3f00000, 0x00000000a3f00000| Untracked 
|  50|0x00000000a4000000, 0x00000000a4000000, 0x00000000a4100000|  0%| F|  |TAMS 0x00000000a4000000, 0x00000000a4000000| Untracked 
|  51|0x00000000a4100000, 0x00000000a4100000, 0x00000000a4200000|  0%| F|  |TAMS 0x00000000a4100000, 0x00000000a4100000| Untracked 
|  52|0x00000000a4200000, 0x00000000a4200000, 0x00000000a4300000|  0%| F|  |TAMS 0x00000000a4200000, 0x00000000a4200000| Untracked 
|  53|0x00000000a4300000, 0x00000000a4300000, 0x00000000a4400000|  0%| F|  |TAMS 0x00000000a4300000, 0x00000000a4300000| Untracked 
|  54|0x00000000a4400000, 0x00000000a4400000, 0x00000000a4500000|  0%| F|  |TAMS 0x00000000a4400000, 0x00000000a4400000| Untracked 
|  55|0x00000000a4500000, 0x00000000a4500000, 0x00000000a4600000|  0%| F|  |TAMS 0x00000000a4500000, 0x00000000a4500000| Untracked 
|  56|0x00000000a4600000, 0x00000000a4600000, 0x00000000a4700000|  0%| F|  |TAMS 0x00000000a4600000, 0x00000000a4600000| Untracked 
|  57|0x00000000a4700000, 0x00000000a4700000, 0x00000000a4800000|  0%| F|  |TAMS 0x00000000a4700000, 0x00000000a4700000| Untracked 
|  58|0x00000000a4800000, 0x00000000a4800000, 0x00000000a4900000|  0%| F|  |TAMS 0x00000000a4800000, 0x00000000a4800000| Untracked 
|  59|0x00000000a4900000, 0x00000000a4900000, 0x00000000a4a00000|  0%| F|  |TAMS 0x00000000a4900000, 0x00000000a4900000| Untracked 
|  60|0x00000000a4a00000, 0x00000000a4a00000, 0x00000000a4b00000|  0%| F|  |TAMS 0x00000000a4a00000, 0x00000000a4a00000| Untracked 
|  61|0x00000000a4b00000, 0x00000000a4b00000, 0x00000000a4c00000|  0%| F|  |TAMS 0x00000000a4b00000, 0x00000000a4b00000| Untracked 
|  62|0x00000000a4c00000, 0x00000000a4c00000, 0x00000000a4d00000|  0%| F|  |TAMS 0x00000000a4c00000, 0x00000000a4c00000| Untracked 
|  63|0x00000000a4d00000, 0x00000000a4d00000, 0x00000000a4e00000|  0%| F|  |TAMS 0x00000000a4d00000, 0x00000000a4d00000| Untracked 
|  64|0x00000000a4e00000, 0x00000000a4e00000, 0x00000000a4f00000|  0%| F|  |TAMS 0x00000000a4e00000, 0x00000000a4e00000| Untracked 
|  65|0x00000000a4f00000, 0x00000000a4f00000, 0x00000000a5000000|  0%| F|  |TAMS 0x00000000a4f00000, 0x00000000a4f00000| Untracked 
|  66|0x00000000a5000000, 0x00000000a5000000, 0x00000000a5100000|  0%| F|  |TAMS 0x00000000a5000000, 0x00000000a5000000| Untracked 
|  67|0x00000000a5100000, 0x00000000a5100000, 0x00000000a5200000|  0%| F|  |TAMS 0x00000000a5100000, 0x00000000a5100000| Untracked 
|  68|0x00000000a5200000, 0x00000000a5200000, 0x00000000a5300000|  0%| F|  |TAMS 0x00000000a5200000, 0x00000000a5200000| Untracked 
|  69|0x00000000a5300000, 0x00000000a5300000, 0x00000000a5400000|  0%| F|  |TAMS 0x00000000a5300000, 0x00000000a5300000| Untracked 
|  70|0x00000000a5400000, 0x00000000a54d91e8, 0x00000000a5500000| 84%| S|CS|TAMS 0x00000000a5400000, 0x00000000a5400000| Complete 
|  71|0x00000000a5500000, 0x00000000a5600000, 0x00000000a5600000|100%| S|CS|TAMS 0x00000000a5500000, 0x00000000a5500000| Complete 
|  72|0x00000000a5600000, 0x00000000a5700000, 0x00000000a5700000|100%| S|CS|TAMS 0x00000000a5600000, 0x00000000a5600000| Complete 
|  73|0x00000000a5700000, 0x00000000a5700000, 0x00000000a5800000|  0%| F|  |TAMS 0x00000000a5700000, 0x00000000a5700000| Untracked 
|  74|0x00000000a5800000, 0x00000000a5800800, 0x00000000a5900000|  0%| E|  |TAMS 0x00000000a5800000, 0x00000000a5800000| Complete 
|  75|0x00000000a5900000, 0x00000000a5a00000, 0x00000000a5a00000|100%| E|CS|TAMS 0x00000000a5900000, 0x00000000a5900000| Complete 
|  76|0x00000000a5a00000, 0x00000000a5b00000, 0x00000000a5b00000|100%| E|CS|TAMS 0x00000000a5a00000, 0x00000000a5a00000| Complete 
|  77|0x00000000a5b00000, 0x00000000a5c00000, 0x00000000a5c00000|100%| E|CS|TAMS 0x00000000a5b00000, 0x00000000a5b00000| Complete 
|  78|0x00000000a5c00000, 0x00000000a5d00000, 0x00000000a5d00000|100%| E|CS|TAMS 0x00000000a5c00000, 0x00000000a5c00000| Complete 
|  79|0x00000000a5d00000, 0x00000000a5e00000, 0x00000000a5e00000|100%| E|CS|TAMS 0x00000000a5d00000, 0x00000000a5d00000| Complete 
|  80|0x00000000a5e00000, 0x00000000a5f00000, 0x00000000a5f00000|100%| E|CS|TAMS 0x00000000a5e00000, 0x00000000a5e00000| Complete 
|  81|0x00000000a5f00000, 0x00000000a6000000, 0x00000000a6000000|100%| E|CS|TAMS 0x00000000a5f00000, 0x00000000a5f00000| Complete 
|  82|0x00000000a6000000, 0x00000000a6100000, 0x00000000a6100000|100%| E|CS|TAMS 0x00000000a6000000, 0x00000000a6000000| Complete 
|  83|0x00000000a6100000, 0x00000000a6200000, 0x00000000a6200000|100%| E|CS|TAMS 0x00000000a6100000, 0x00000000a6100000| Complete 
|  84|0x00000000a6200000, 0x00000000a6300000, 0x00000000a6300000|100%| E|CS|TAMS 0x00000000a6200000, 0x00000000a6200000| Complete 
|  85|0x00000000a6300000, 0x00000000a6400000, 0x00000000a6400000|100%| E|CS|TAMS 0x00000000a6300000, 0x00000000a6300000| Complete 
|  86|0x00000000a6400000, 0x00000000a6500000, 0x00000000a6500000|100%| E|CS|TAMS 0x00000000a6400000, 0x00000000a6400000| Complete 
|  87|0x00000000a6500000, 0x00000000a6600000, 0x00000000a6600000|100%| E|CS|TAMS 0x00000000a6500000, 0x00000000a6500000| Complete 
|  88|0x00000000a6600000, 0x00000000a6700000, 0x00000000a6700000|100%| E|CS|TAMS 0x00000000a6600000, 0x00000000a6600000| Complete 
|  89|0x00000000a6700000, 0x00000000a6800000, 0x00000000a6800000|100%| E|CS|TAMS 0x00000000a6700000, 0x00000000a6700000| Complete 
|  90|0x00000000a6800000, 0x00000000a6900000, 0x00000000a6900000|100%| E|CS|TAMS 0x00000000a6800000, 0x00000000a6800000| Complete 
|  91|0x00000000a6900000, 0x00000000a6a00000, 0x00000000a6a00000|100%| E|CS|TAMS 0x00000000a6900000, 0x00000000a6900000| Complete 
|  92|0x00000000a6a00000, 0x00000000a6b00000, 0x00000000a6b00000|100%| E|CS|TAMS 0x00000000a6a00000, 0x00000000a6a00000| Complete 
|  93|0x00000000a6b00000, 0x00000000a6c00000, 0x00000000a6c00000|100%| E|CS|TAMS 0x00000000a6b00000, 0x00000000a6b00000| Complete 
|  94|0x00000000a6c00000, 0x00000000a6d00000, 0x00000000a6d00000|100%| E|CS|TAMS 0x00000000a6c00000, 0x00000000a6c00000| Complete 
|  95|0x00000000a6d00000, 0x00000000a6e00000, 0x00000000a6e00000|100%| E|CS|TAMS 0x00000000a6d00000, 0x00000000a6d00000| Complete 

Card table byte_map: [0x000001e6bf4c0000,0x000001e6bf7c0000] _byte_map_base: 0x000001e6befb9000

Marking Bits (Prev, Next): (CMBitMap*) 0x000001e6a859db60, (CMBitMap*) 0x000001e6a859dba0
 Prev Bits: [0x000001e6bfac0000, 0x000001e6c1288000)
 Next Bits: [0x000001e6c1290000, 0x000001e6c2a58000)

Polling page: 0x000001e6a64e0000

Metaspace:

Usage:
  Non-class:      6.06 MB used.
      Class:    748.55 KB used.
       Both:      6.79 MB used.

Virtual space:
  Non-class space:       64.00 MB reserved,       6.12 MB ( 10%) committed,  1 nodes.
      Class space:        1.00 GB reserved,     896.00 KB ( <1%) committed,  1 nodes.
             Both:        1.06 GB reserved,       7.00 MB ( <1%) committed. 

Chunk freelists:
   Non-Class:  1.00 MB
       Class:  3.12 MB
        Both:  4.12 MB

MaxMetaspaceSize: unlimited
CompressedClassSpaceSize: 1.00 GB
Initial GC threshold: 21.00 MB
Current GC threshold: 21.00 MB
CDS: on
MetaspaceReclaimPolicy: balanced
 - commit_granule_bytes: 65536.
 - commit_granule_words: 8192.
 - virtual_space_node_default_size: 8388608.
 - enlarge_chunks_in_place: 1.
 - new_chunks_are_fully_committed: 0.
 - uncommit_free_chunks: 1.
 - use_allocation_guard: 0.


Internal statistics:

num_allocs_failed_limit: 0.
num_arena_births: 126.
num_arena_deaths: 0.
num_vsnodes_births: 2.
num_vsnodes_deaths: 0.
num_space_committed: 112.
num_space_uncommitted: 0.
num_chunks_returned_to_freelist: 0.
num_chunks_taken_from_freelist: 182.
num_chunk_merges: 0.
num_chunk_splits: 95.
num_chunks_enlarged: 23.
num_inconsistent_stats: 0.

CodeHeap 'non-profiled nmethods': size=120000Kb used=273Kb max_used=273Kb free=119726Kb
 bounds [0x000001e6b7950000, 0x000001e6b7bc0000, 0x000001e6bee80000]
CodeHeap 'profiled nmethods': size=120000Kb used=1561Kb max_used=1561Kb free=118438Kb
 bounds [0x000001e6b0420000, 0x000001e6b0690000, 0x000001e6b7950000]
CodeHeap 'non-nmethods': size=5760Kb used=1277Kb max_used=1277Kb free=4482Kb
 bounds [0x000001e6afe80000, 0x000001e6b00f0000, 0x000001e6b0420000]
 total_blobs=1505 nmethods=911 adapters=507
 compilation: enabled
              stopped_count=0, restarted_count=0
 full_count=0

Compilation events (20 events):
Event: 2.032 Thread 0x000001e6c544e7d0  885       3       java.lang.invoke.LambdaFormBuffer::ownedCount (7 bytes)
Event: 2.032 Thread 0x000001e6c544e7d0 nmethod 885 0x000001e6b0599e10 code [0x000001e6b0599fa0, 0x000001e6b059a0b8]
Event: 2.032 Thread 0x000001e6c544e7d0  883       3       java.lang.invoke.MethodHandle::intrinsicName (4 bytes)
Event: 2.032 Thread 0x000001e6c544e7d0 nmethod 883 0x000001e6b059a190 code [0x000001e6b059a320, 0x000001e6b059a438]
Event: 2.032 Thread 0x000001e6c544e7d0  887       3       java.lang.invoke.InvokerBytecodeGenerator::emitReferenceCast (188 bytes)
Event: 2.034 Thread 0x000001e6c544e7d0 nmethod 887 0x000001e6b059a510 code [0x000001e6b059a7c0, 0x000001e6b059b468]
Event: 2.048 Thread 0x000001e6c544e7d0  891       3       jdk.internal.jimage.ImageStringsReader::stringFromByteBufferMatches (133 bytes)
Event: 2.052 Thread 0x000001e6c544e7d0 nmethod 891 0x000001e6b059b810 code [0x000001e6b059bae0, 0x000001e6b059cc28]
Event: 2.053 Thread 0x000001e6c544e7d0  893       3       java.awt.Component::getContainer (5 bytes)
Event: 2.053 Thread 0x000001e6c544e7d0 nmethod 893 0x000001e6b059d310 code [0x000001e6b059d4a0, 0x000001e6b059d5b8]
Event: 2.054 Thread 0x000001e6c544e7d0  894       3       java.util.ArrayList::get (15 bytes)
Event: 2.054 Thread 0x000001e6c544e7d0 nmethod 894 0x000001e6b059d690 code [0x000001e6b059d840, 0x000001e6b059da98]
Event: 2.054 Thread 0x000001e6c544e7d0  895       3       java.util.ArrayList::elementData (7 bytes)
Event: 2.054 Thread 0x000001e6c544e7d0 nmethod 895 0x000001e6b059dc10 code [0x000001e6b059dda0, 0x000001e6b059ded8]
Event: 2.054 Thread 0x000001e6c544e7d0  896       1       java.awt.Component::isVisible_NoClientCode (5 bytes)
Event: 2.054 Thread 0x000001e6c544e7d0 nmethod 896 0x000001e6b7992d10 code [0x000001e6b7992ea0, 0x000001e6b7992f78]
Event: 2.054 Thread 0x000001e6c544e7d0  897       3       java.awt.Component::isValid (20 bytes)
Event: 2.055 Thread 0x000001e6c544e7d0 nmethod 897 0x000001e6b059df90 code [0x000001e6b059e120, 0x000001e6b059e2d8]
Event: 2.181 Thread 0x000001e6c544e7d0  899       1       java.util.concurrent.locks.AbstractOwnableSynchronizer::setExclusiveOwnerThread (6 bytes)
Event: 2.182 Thread 0x000001e6c544e7d0 nmethod 899 0x000001e6b7993310 code [0x000001e6b79934a0, 0x000001e6b79935b8]

GC Heap History (2 events):
Event: 1.546 GC heap before
{Heap before GC invocations=0 (full 0):
 garbage-first heap   total 98304K, used 52224K [0x00000000a0e00000, 0x0000000100000000)
  region size 1024K, 23 young (23552K), 0 survivors (0K)
 Metaspace       used 5017K, committed 5184K, reserved 1114112K
  class space    used 516K, committed 576K, reserved 1048576K
}
Event: 1.559 GC heap after
{Heap after GC invocations=1 (full 0):
 garbage-first heap   total 98304K, used 32612K [0x00000000a0e00000, 0x0000000100000000)
  region size 1024K, 3 young (3072K), 3 survivors (3072K)
 Metaspace       used 5017K, committed 5184K, reserved 1114112K
  class space    used 516K, committed 576K, reserved 1048576K
}

Deoptimization events (20 events):
Event: 1.795 Thread 0x000001e6ce718820 DEOPT PACKING pc=0x000001e6b054cc2b sp=0x000000451fffefa0
Event: 1.795 Thread 0x000001e6ce718820 DEOPT UNPACKING pc=0x000001e6afed2b43 sp=0x000000451fffe440 mode 0
Event: 1.805 Thread 0x000001e6ce798810 DEOPT PACKING pc=0x000001e6b054cc2b sp=0x00000045200feb10
Event: 1.805 Thread 0x000001e6ce798810 DEOPT UNPACKING pc=0x000001e6afed2b43 sp=0x00000045200fdfb0 mode 0
Event: 1.811 Thread 0x000001e6ce718820 DEOPT PACKING pc=0x000001e6b054cc2b sp=0x000000451fffefa0
Event: 1.811 Thread 0x000001e6ce718820 DEOPT UNPACKING pc=0x000001e6afed2b43 sp=0x000000451fffe440 mode 0
Event: 1.818 Thread 0x000001e6ce798810 DEOPT PACKING pc=0x000001e6b054cc2b sp=0x00000045200feb10
Event: 1.818 Thread 0x000001e6ce798810 DEOPT UNPACKING pc=0x000001e6afed2b43 sp=0x00000045200fdfb0 mode 0
Event: 1.834 Thread 0x000001e6ce718820 DEOPT PACKING pc=0x000001e6b054cc2b sp=0x000000451fffefa0
Event: 1.834 Thread 0x000001e6ce718820 DEOPT UNPACKING pc=0x000001e6afed2b43 sp=0x000000451fffe440 mode 0
Event: 1.855 Thread 0x000001e6ce798810 DEOPT PACKING pc=0x000001e6b054cc2b sp=0x00000045200feb10
Event: 1.855 Thread 0x000001e6ce798810 DEOPT UNPACKING pc=0x000001e6afed2b43 sp=0x00000045200fdfb0 mode 0
Event: 1.870 Thread 0x000001e6ce798810 DEOPT PACKING pc=0x000001e6b054cc2b sp=0x00000045200feb10
Event: 1.870 Thread 0x000001e6ce798810 DEOPT UNPACKING pc=0x000001e6afed2b43 sp=0x00000045200fdfb0 mode 0
Event: 1.876 Thread 0x000001e6ce718820 DEOPT PACKING pc=0x000001e6b054cc2b sp=0x000000451fffefa0
Event: 1.876 Thread 0x000001e6ce718820 DEOPT UNPACKING pc=0x000001e6afed2b43 sp=0x000000451fffe440 mode 0
Event: 2.001 Thread 0x000001e6a854b330 Uncommon trap: trap_request=0xffffff45 fr.pc=0x000001e6b7979a90 relative=0x0000000000000210
Event: 2.001 Thread 0x000001e6a854b330 Uncommon trap: reason=unstable_if action=reinterpret pc=0x000001e6b7979a90 method=java.lang.StringUTF16.compress([CI[BII)I @ 20 c2
Event: 2.001 Thread 0x000001e6a854b330 DEOPT PACKING pc=0x000001e6b7979a90 sp=0x000000451e1fd990
Event: 2.001 Thread 0x000001e6a854b330 DEOPT UNPACKING pc=0x000001e6afed23a3 sp=0x000000451e1fd910 mode 2

Classes loaded (20 events):
Event: 2.217 Loading class sun/nio/ch/Interruptible done
Event: 2.217 Loading class java/nio/channels/spi/AbstractInterruptibleChannel$1 done
Event: 2.217 Loading class sun/nio/ch/NativeThread
Event: 2.218 Loading class sun/nio/ch/NativeThread done
Event: 2.218 Loading class sun/nio/ch/IOStatus
Event: 2.218 Loading class sun/nio/ch/IOStatus done
Event: 2.218 Loading class sun/nio/ch/Util
Event: 2.218 Loading class sun/nio/ch/Util done
Event: 2.218 Loading class sun/nio/ch/Util$1
Event: 2.219 Loading class sun/nio/ch/Util$1 done
Event: 2.219 Loading class sun/nio/ch/Util$BufferCache
Event: 2.220 Loading class sun/nio/ch/Util$BufferCache done
Event: 2.220 Loading class java/nio/DirectByteBuffer$Deallocator
Event: 2.220 Loading class java/nio/DirectByteBuffer$Deallocator done
Event: 2.221 Loading class java/nio/ByteBufferAsIntBufferB
Event: 2.221 Loading class java/nio/ByteBufferAsIntBufferB done
Event: 2.222 Loading class sun/font/TrueTypeFont$DirectoryEntry
Event: 2.222 Loading class sun/font/TrueTypeFont$DirectoryEntry done
Event: 2.223 Loading class jdk/internal/misc/ScopedMemoryAccess$Scope
Event: 2.223 Loading class jdk/internal/misc/ScopedMemoryAccess$Scope done

Classes unloaded (0 events):
No events

Classes redefined (0 events):
No events

Internal exceptions (19 events):
Event: 0.280 Thread 0x000001e6a854b330 Exception <a 'sun/nio/fs/WindowsException'{0x00000000a6c35f28}> (0x00000000a6c35f28) 
thrown [s\open\src\hotspot\share\prims\jni.cpp, line 516]
Event: 0.281 Thread 0x000001e6a854b330 Exception <a 'sun/nio/fs/WindowsException'{0x00000000a6c364b8}> (0x00000000a6c364b8) 
thrown [s\open\src\hotspot\share\prims\jni.cpp, line 516]
Event: 0.286 Thread 0x000001e6a854b330 Exception <a 'sun/nio/fs/WindowsException'{0x00000000a6c389e0}> (0x00000000a6c389e0) 
thrown [s\open\src\hotspot\share\prims\jni.cpp, line 516]
Event: 0.287 Thread 0x000001e6a854b330 Exception <a 'sun/nio/fs/WindowsException'{0x00000000a6c39518}> (0x00000000a6c39518) 
thrown [s\open\src\hotspot\share\prims\jni.cpp, line 516]
Event: 0.287 Thread 0x000001e6a854b330 Exception <a 'sun/nio/fs/WindowsException'{0x00000000a6c3a068}> (0x00000000a6c3a068) 
thrown [s\open\src\hotspot\share\prims\jni.cpp, line 516]
Event: 0.428 Thread 0x000001e6a854b330 Exception <a 'java/lang/ClassNotFoundException'{0x00000000a6b03290}: sun/awt/resources/spi/awtProvider> (0x00000000a6b03290) 
thrown [s\open\src\hotspot\share\classfile\systemDictionary.cpp, line 255]
Event: 0.498 Thread 0x000001e6a854b330 Exception <a 'java/io/FileNotFoundException'{0x00000000a6b56ac0}> (0x00000000a6b56ac0) 
thrown [s\open\src\hotspot\share\prims\jni.cpp, line 516]
Event: 0.517 Thread 0x000001e6a854b330 Exception <a 'java/io/FileNotFoundException'{0x00000000a6b83cc0}> (0x00000000a6b83cc0) 
thrown [s\open\src\hotspot\share\prims\jni.cpp, line 516]
Event: 0.690 Thread 0x000001e6a854b330 Exception <a 'java/lang/NoSuchMethodError'{0x00000000a6bc8098}: 'java.lang.Object java.lang.invoke.DirectMethodHandle$Holder.invokeStaticInit(java.lang.Object)'> (0x00000000a6bc8098) 
thrown [s\open\src\hotspot\share\interpreter\linkResolver.cpp, line 759]
Event: 0.966 Thread 0x000001e6a854b330 Exception <a 'java/lang/NoSuchMethodError'{0x00000000a6a9ceb0}: 'void java.lang.invoke.DirectMethodHandle$Holder.invokeSpecial(java.lang.Object, java.lang.Object, java.lang.Object)'> (0x00000000a6a9ceb0) 
thrown [s\open\src\hotspot\share\interpreter\linkResolver.cpp, line 759]
Event: 0.989 Thread 0x000001e6a854b330 Exception <a 'java/lang/NoSuchMethodError'{0x00000000a6ac7f40}: 'java.lang.Object java.lang.invoke.DirectMethodHandle$Holder.newInvokeSpecial(java.lang.Object, java.lang.Object, java.lang.Object, java.lang.Object, java.lang.Object)'> (0x00000000a6ac7f40) 
thrown [s\open\src\hotspot\share\interpreter\linkResolver.cpp, line 759]
Event: 1.007 Thread 0x000001e6a854b330 Exception <a 'java/lang/NoSuchMethodError'{0x00000000a6af9c98}: 'java.lang.Object java.lang.invoke.DirectMethodHandle$Holder.invokeStatic(java.lang.Object, int, java.lang.Object)'> (0x00000000a6af9c98) 
thrown [s\open\src\hotspot\share\interpreter\linkResolver.cpp, line 759]
Event: 1.094 Thread 0x000001e6a854b330 Exception <a 'java/lang/ClassNotFoundException'{0x00000000a69b6e58}: com/sun/swing/internal/plaf/metal/resources/spi/metalProvider> (0x00000000a69b6e58) 
thrown [s\open\src\hotspot\share\classfile\systemDictionary.cpp, line 255]
Event: 1.096 Thread 0x000001e6a854b330 Exception <a 'java/lang/ClassNotFoundException'{0x00000000a69bae90}: com/sun/swing/internal/plaf/basic/resources/spi/basicProvider> (0x00000000a69bae90) 
thrown [s\open\src\hotspot\share\classfile\systemDictionary.cpp, line 255]
Event: 1.115 Thread 0x000001e6a854b330 Exception <a 'java/lang/NoSuchMethodError'{0x00000000a69db290}: 'int java.lang.invoke.Invokers$Holder.invokeExact_MT(java.lang.Object, java.lang.Object)'> (0x00000000a69db290) 
thrown [s\open\src\hotspot\share\interpreter\linkResolver.cpp, line 759]
Event: 1.226 Thread 0x000001e6ce718820 Exception <a 'java/lang/NoSuchMethodError'{0x00000000a67674e0}: 'java.lang.Object java.lang.invoke.DirectMethodHandle$Holder.newInvokeSpecial(java.lang.Object, java.lang.Object, java.lang.Object, int, int, int, int, int)'> (0x00000000a67674e0) 
thrown [s\open\src\hotspot\share\interpreter\linkResolver.cpp, line 759]
Event: 1.411 Thread 0x000001e6ce718820 Implicit null exception at 0x000001e6b7980f0b to 0x000001e6b7981730
Event: 1.912 Thread 0x000001e6c9ab4ac0 Exception <a 'java/lang/NoSuchMethodError'{0x00000000a59083a0}: 'void java.lang.invoke.DirectMethodHandle$Holder.invokeVirtual(java.lang.Object, java.lang.Object)'> (0x00000000a59083a0) 
thrown [s\open\src\hotspot\share\interpreter\linkResolver.cpp, line 759]
Event: 1.968 Thread 0x000001e6a854b330 Exception <a 'java/lang/NoSuchMethodError'{0x00000000a619a4f8}: 'void java.lang.invoke.DirectMethodHandle$Holder.invokeStaticInit(java.lang.Object)'> (0x00000000a619a4f8) 
thrown [s\open\src\hotspot\share\interpreter\linkResolver.cpp, line 759]

VM Operations (12 events):
Event: 0.292 Executing VM operation: HandshakeAllThreads
Event: 0.292 Executing VM operation: HandshakeAllThreads done
Event: 1.283 Executing VM operation: HandshakeAllThreads
Event: 1.283 Executing VM operation: HandshakeAllThreads done
Event: 1.283 Executing VM operation: Cleanup
Event: 1.283 Executing VM operation: Cleanup done
Event: 1.351 Executing VM operation: HandshakeAllThreads
Event: 1.351 Executing VM operation: HandshakeAllThreads done
Event: 1.546 Executing VM operation: G1CollectForAllocation
Event: 1.559 Executing VM operation: G1CollectForAllocation done
Event: 2.222 Executing VM operation: HandshakeAllThreads
Event: 2.222 Executing VM operation: HandshakeAllThreads done

Events (20 events):
Event: 0.136 Thread 0x000001e6c5456db0 Thread added: 0x000001e6c5456db0
Event: 0.218 Thread 0x000001e6a8608fb0 Thread added: 0x000001e6a8608fb0
Event: 0.267 Loaded shared library C:\Program Files\Java\jdk-18.0.2.1\bin\net.dll
Event: 0.274 Loaded shared library C:\Program Files\Java\jdk-18.0.2.1\bin\nio.dll
Event: 0.333 Thread 0x000001e6c98ef800 Thread added: 0x000001e6c98ef800
Event: 0.363 Loaded shared library C:\Program Files\Java\jdk-18.0.2.1\bin\zip.dll
Event: 0.409 Loaded shared library C:\Program Files\Java\jdk-18.0.2.1\bin\jimage.dll
Event: 0.463 Loaded shared library C:\Program Files\Java\jdk-18.0.2.1\bin\awt.dll
Event: 0.695 Thread 0x000001e6c9aa7f10 Thread added: 0x000001e6c9aa7f10
Event: 0.698 Thread 0x000001e6c9aac3e0 Thread added: 0x000001e6c9aac3e0
Event: 0.703 Thread 0x000001e6c9ab4ac0 Thread added: 0x000001e6c9ab4ac0
Event: 1.131 Thread 0x000001e6ce718820 Thread added: 0x000001e6ce718820
Event: 1.222 Loaded shared library C:\Program Files\Java\jdk-18.0.2.1\bin\javajpeg.dll
Event: 1.372 Thread 0x000001e6ce798810 Thread added: 0x000001e6ce798810
Event: 1.919 Thread 0x000001e6cec00e70 Thread added: 0x000001e6cec00e70
Event: 1.980 Loaded shared library C:\Program Files\Java\jdk-18.0.2.1\bin\freetype.dll
Event: 1.982 Loaded shared library C:\Program Files\Java\jdk-18.0.2.1\bin\fontmanager.dll
Event: 2.149 Thread 0x000001e6a854b330 Thread exited: 0x000001e6a854b330
Event: 2.150 Thread 0x000001e6a854b330 Thread added: 0x000001e6a854b330
Event: 2.183 Thread 0x000001e6ce70b780 Thread added: 0x000001e6ce70b780


Dynamic libraries:
0x00007ff653740000 - 0x00007ff653750000 	C:\Program Files\Java\jdk-18.0.2.1\bin\java.exe
0x00007ffd41b10000 - 0x00007ffd41d24000 	C:\WINDOWS\SYSTEM32\ntdll.dll
0x00007ffd40730000 - 0x00007ffd407f3000 	C:\WINDOWS\System32\KERNEL32.DLL
0x00007ffd3f530000 - 0x00007ffd3f8cd000 	C:\WINDOWS\System32\KERNELBASE.dll
0x00007ffd3f410000 - 0x00007ffd3f521000 	C:\WINDOWS\System32\ucrtbase.dll
0x00007ffd2f1f0000 - 0x00007ffd2f208000 	C:\Program Files\Java\jdk-18.0.2.1\bin\jli.dll
0x00007ffd2a0a0000 - 0x00007ffd2a0ba000 	C:\Program Files\Java\jdk-18.0.2.1\bin\VCRUNTIME140.dll
0x00007ffd3ff10000 - 0x00007ffd3ffbe000 	C:\WINDOWS\System32\ADVAPI32.dll
0x00007ffd40ae0000 - 0x00007ffd40b87000 	C:\WINDOWS\System32\msvcrt.dll
0x00007ffd40680000 - 0x00007ffd40724000 	C:\WINDOWS\System32\sechost.dll
0x00007ffd409b0000 - 0x00007ffd40ac5000 	C:\WINDOWS\System32\RPCRT4.dll
0x00007ffd3fd60000 - 0x00007ffd3ff0d000 	C:\WINDOWS\System32\USER32.dll
0x00007ffd2df00000 - 0x00007ffd2e18e000 	C:\WINDOWS\WinSxS\amd64_microsoft.windows.common-controls_6595b64144ccf1df_6.0.22621.608_none_a9444ca7c10bb01d\COMCTL32.dll
0x00007ffd3f8d0000 - 0x00007ffd3f8f6000 	C:\WINDOWS\System32\win32u.dll
0x00007ffd40b90000 - 0x00007ffd40bb9000 	C:\WINDOWS\System32\GDI32.dll
0x00007ffd3f230000 - 0x00007ffd3f342000 	C:\WINDOWS\System32\gdi32full.dll
0x00007ffd3f120000 - 0x00007ffd3f1ba000 	C:\WINDOWS\System32\msvcp_win.dll
0x00007ffd37f60000 - 0x00007ffd37f6a000 	C:\WINDOWS\SYSTEM32\VERSION.dll
0x00007ffd41a10000 - 0x00007ffd41a42000 	C:\WINDOWS\System32\IMM32.DLL
0x00007ffd296d0000 - 0x00007ffd296dc000 	C:\Program Files\Java\jdk-18.0.2.1\bin\vcruntime140_1.dll
0x00007ffcd90c0000 - 0x00007ffcd914d000 	C:\Program Files\Java\jdk-18.0.2.1\bin\msvcp140.dll
0x00007ffc9bec0000 - 0x00007ffc9cad1000 	C:\Program Files\Java\jdk-18.0.2.1\bin\server\jvm.dll
0x00007ffd409a0000 - 0x00007ffd409a8000 	C:\WINDOWS\System32\PSAPI.DLL
0x00007ffd2d410000 - 0x00007ffd2d419000 	C:\WINDOWS\SYSTEM32\WSOCK32.dll
0x00007ffd373d0000 - 0x00007ffd37404000 	C:\WINDOWS\SYSTEM32\WINMM.dll
0x00007ffd40800000 - 0x00007ffd40871000 	C:\WINDOWS\System32\WS2_32.dll
0x00007ffd3df60000 - 0x00007ffd3df78000 	C:\WINDOWS\SYSTEM32\kernel.appcore.dll
0x00007ffd29560000 - 0x00007ffd2956a000 	C:\Program Files\Java\jdk-18.0.2.1\bin\jimage.dll
0x00007ffd3ca20000 - 0x00007ffd3cc4e000 	C:\WINDOWS\SYSTEM32\DBGHELP.DLL
0x00007ffd402f0000 - 0x00007ffd4067a000 	C:\WINDOWS\System32\combase.dll
0x00007ffd40210000 - 0x00007ffd402e7000 	C:\WINDOWS\System32\OLEAUT32.dll
0x00007ffd2a4f0000 - 0x00007ffd2a522000 	C:\WINDOWS\SYSTEM32\dbgcore.DLL
0x00007ffd3f0a0000 - 0x00007ffd3f11b000 	C:\WINDOWS\System32\bcryptPrimitives.dll
0x00007ffd065f0000 - 0x00007ffd06615000 	C:\Program Files\Java\jdk-18.0.2.1\bin\java.dll
0x00007ffcd9150000 - 0x00007ffcd9226000 	C:\Program Files\Java\jdk-18.0.2.1\bin\jsvml.dll
0x00007ffd41220000 - 0x00007ffd41a0f000 	C:\WINDOWS\System32\SHELL32.dll
0x00007ffd3cf10000 - 0x00007ffd3d7d8000 	C:\WINDOWS\SYSTEM32\windows.storage.dll
0x00007ffd3cdd0000 - 0x00007ffd3cf0e000 	C:\WINDOWS\SYSTEM32\wintypes.dll
0x00007ffd40c40000 - 0x00007ffd40d31000 	C:\WINDOWS\System32\SHCORE.dll
0x00007ffd3ffc0000 - 0x00007ffd4001e000 	C:\WINDOWS\System32\shlwapi.dll
0x00007ffd3ee60000 - 0x00007ffd3ee81000 	C:\WINDOWS\SYSTEM32\profapi.dll
0x00007ffcff310000 - 0x00007ffcff323000 	C:\Program Files\Java\jdk-18.0.2.1\bin\net.dll
0x00007ffd361c0000 - 0x00007ffd362ef000 	C:\WINDOWS\SYSTEM32\WINHTTP.dll
0x00007ffd3e3d0000 - 0x00007ffd3e439000 	C:\WINDOWS\system32\mswsock.dll
0x00007ffcfc530000 - 0x00007ffcfc546000 	C:\Program Files\Java\jdk-18.0.2.1\bin\nio.dll
0x00007ffcfc510000 - 0x00007ffcfc528000 	C:\Program Files\Java\jdk-18.0.2.1\bin\zip.dll
0x00007ffcc80b0000 - 0x00007ffcc823f000 	C:\Program Files\Java\jdk-18.0.2.1\bin\awt.dll
0x00007ffd3c050000 - 0x00007ffd3c0e7000 	C:\WINDOWS\SYSTEM32\apphelp.dll
0x00007ffd3c460000 - 0x00007ffd3c48b000 	C:\WINDOWS\system32\DWMAPI.DLL
0x00007ffd3c1f0000 - 0x00007ffd3c29b000 	C:\WINDOWS\system32\uxtheme.dll
0x00007ffcedeb0000 - 0x00007ffcedfb0000 	C:\WINDOWS\system32\opengl32.dll
0x00007ffd30470000 - 0x00007ffd3049d000 	C:\WINDOWS\SYSTEM32\GLU32.dll
0x00007ffd3c300000 - 0x00007ffd3c336000 	C:\WINDOWS\SYSTEM32\dxcore.dll
0x00007ffd40880000 - 0x00007ffd4099e000 	C:\WINDOWS\System32\MSCTF.dll
0x00007ffd40020000 - 0x00007ffd401bc000 	C:\WINDOWS\System32\ole32.dll
0x00007ffd32560000 - 0x00007ffd32709000 	C:\WINDOWS\system32\d3d9.dll
0x00007ffd35c50000 - 0x00007ffd35e2b000 	C:\WINDOWS\System32\DriverStore\FileRepository\u0357645.inf_amd64_3c66802dbd4d45a0\B357435\aticfx64.dll
0x00007ffcf7f60000 - 0x00007ffcf7f93000 	C:\WINDOWS\System32\DriverStore\FileRepository\u0357645.inf_amd64_3c66802dbd4d45a0\B357435\atiu9p64.dll
0x00007ffcaff40000 - 0x00007ffcb0bd6000 	C:\WINDOWS\System32\DriverStore\FileRepository\u0357645.inf_amd64_3c66802dbd4d45a0\B357435\atiumd64.dll
0x00000000685f0000 - 0x000000006946d000 	C:\WINDOWS\System32\DriverStore\FileRepository\u0357645.inf_amd64_3c66802dbd4d45a0\B357435\atiumd6a.dll
0x00007ffd3eb70000 - 0x00007ffd3ebbd000 	C:\WINDOWS\SYSTEM32\POWRPROF.dll
0x00007ffd3eb50000 - 0x00007ffd3eb63000 	C:\WINDOWS\SYSTEM32\UMPDC.dll
0x00007ffd34180000 - 0x00007ffd341af000 	C:\WINDOWS\SYSTEM32\amdihk64.dll
0x00007ffd39b10000 - 0x00007ffd39b59000 	C:\WINDOWS\SYSTEM32\directxdatabasehelper.dll
0x00007ffcff380000 - 0x00007ffcff3ad000 	C:\Program Files\Java\jdk-18.0.2.1\bin\javajpeg.dll
0x00007ffcc8020000 - 0x00007ffcc80a6000 	C:\Program Files\Java\jdk-18.0.2.1\bin\freetype.dll
0x00007ffcc7910000 - 0x00007ffcc79b8000 	C:\Program Files\Java\jdk-18.0.2.1\bin\fontmanager.dll
0x00007ffd2fe10000 - 0x00007ffd2ff3d000 	C:\WINDOWS\SYSTEM32\textinputframework.dll

dbghelp: loaded successfully - version: 4.0.5 - missing functions: none
symbol engine: initialized successfully - sym options: 0x614 - pdb path: .;C:\Program Files\Java\jdk-18.0.2.1\bin;C:\WINDOWS\SYSTEM32;C:\WINDOWS\WinSxS\amd64_microsoft.windows.common-controls_6595b64144ccf1df_6.0.22621.608_none_a9444ca7c10bb01d;C:\Program Files\Java\jdk-18.0.2.1\bin\server;C:\WINDOWS\System32\DriverStore\FileRepository\u0357645.inf_amd64_3c66802dbd4d45a0\B357435

VM Arguments:
jvm_args: -Dfile.encoding=UTF-8 --module-path=C:\Users\Ruthvik Bangera\Desktop\elec demo\Electricity-Billing-System\build\classes 
java_command: electricity.billing.system.Project
java_class_path (initial): C:\Users\Ruthvik Bangera\Downloads\rs2xml.jar;C:\Users\Ruthvik Bangera\Downloads\mysql-connector-java-8.0.28 (1).jar;C:\Users\Ruthvik Bangera\Desktop\elec demo\Electricity-Billing-System\build\classes
Launcher Type: SUN_STANDARD

[Global flags]
     intx CICompilerCount                          = 4                                         {product} {ergonomic}
     uint ConcGCThreads                            = 2                                         {product} {ergonomic}
     uint G1ConcRefinementThreads                  = 8                                         {product} {ergonomic}
   size_t G1HeapRegionSize                         = 1048576                                   {product} {ergonomic}
    uintx GCDrainStackTargetSize                   = 64                                        {product} {ergonomic}
   size_t InitialHeapSize                          = 100663296                                 {product} {ergonomic}
   size_t MarkStackSize                            = 4194304                                   {product} {ergonomic}
   size_t MaxHeapSize                              = 1595932672                                {product} {ergonomic}
   size_t MaxNewSize                               = 957349888                                 {product} {ergonomic}
   size_t MinHeapDeltaBytes                        = 1048576                                   {product} {ergonomic}
   size_t MinHeapSize                              = 8388608                                   {product} {ergonomic}
    uintx NonNMethodCodeHeapSize                   = 5839372                                {pd product} {ergonomic}
    uintx NonProfiledCodeHeapSize                  = 122909434                              {pd product} {ergonomic}
    uintx ProfiledCodeHeapSize                     = 122909434                              {pd product} {ergonomic}
    uintx ReservedCodeCacheSize                    = 251658240                              {pd product} {ergonomic}
     bool SegmentedCodeCache                       = true                                      {product} {ergonomic}
   size_t SoftMaxHeapSize                          = 1595932672                             {manageable} {ergonomic}
     bool UseCompressedClassPointers               = true                           {product lp64_product} {ergonomic}
     bool UseCompressedOops                        = true                           {product lp64_product} {ergonomic}
     bool UseG1GC                                  = true                                      {product} {ergonomic}
     bool UseLargePagesIndividualAllocation        = false                                  {pd product} {ergonomic}

Logging:
Log output configuration:
 #0: stdout all=warning uptime,level,tags foldmultilines=false
 #1: stderr all=off uptime,level,tags foldmultilines=false

Environment Variables:
PATH=C:\Program Files\Common Files\Oracle\Java\javapath;C:\Windows\system32;C:\Windows;C:\Windows\System32\Wbem;C:\Windows\System32\WindowsPowerShell\v1.0\;C:\Windows\System32\OpenSSH\;C:\Program Files (x86)\NVIDIA Corporation\PhysX\Common;C:\Program Files\NVIDIA Corporation\NVIDIA NvDLISR;C:\Program Files (x86)\Windows Kits\8.1\Windows Performance Toolkit\;C:\Program Files\MATLAB\R2021b\runtime\win64;C:\Program Files\MATLAB\R2021b\bin;C:\WINDOWS\system32;C:\WINDOWS;C:\WINDOWS\System32\Wbem;C:\WINDOWS\System32\WindowsPowerShell\v1.0\;C:\WINDOWS\System32\OpenSSH\;C:\Program Files\Git\cmd;C:\Program Files\MySQL\MySQL Shell 8.0\bin\;C:\Users\Ruthvik Bangera\AppData\Local\Microsoft\WindowsApps;;C:\Users\Ruthvik Bangera\AppData\Local\Programs\Microsoft VS Code\bin
USERNAME=Ruthvik Bangera
OS=Windows_NT
PROCESSOR_IDENTIFIER=AMD64 Family 23 Model 24 Stepping 1, AuthenticAMD



---------------  S Y S T E M  ---------------

OS:
 Windows 11 , 64 bit Build 22621 (10.0.22621.963)
OS uptime: 8 days 18:43 hours
Hyper-V role detected

CPU: total 8 (initial active 8) (8 cores per cpu, 2 threads per core) family 23 model 24 stepping 1 microcode 0x0, cx8, cmov, fxsr, ht, mmx, 3dnowpref, sse, sse2, sse3, ssse3, sse4a, sse4.1, sse4.2, popcnt, lzcnt, tsc, tscinvbit, avx, avx2, aes, clmul, bmi1, bmi2, adx, sha, fma, vzeroupper, clflush, clflushopt, hv

Memory: 4k page, system-wide physical 6081M (195M free)
TotalPageFile size 24513M (AvailPageFile size 0M)
current process WorkingSet (physical memory assigned to process): 136M, peak: 136M
current process commit charge ("private bytes"): 247M, peak: 247M

vm_info: Java HotSpot(TM) 64-Bit Server VM (18.0.2.1+1-1) for windows-amd64 JRE (18.0.2.1+1-1), built on Aug 16 2022 01:46:33 by "mach5one" with MS VC++ 16.8 / 16.9 (VS2019)

END.
