#
# There is insufficient memory for the Java Runtime Environment to continue.
# Native memory allocation (malloc) failed to allocate 32744 bytes for Chunk::new
# Possible reasons:
#   The system is out of physical RAM or swap space
#   The process is running with CompressedOops enabled, and the Java Heap may be blocking the growth of the native heap
# Possible solutions:
#   Reduce memory load on the system
#   Increase physical memory or swap space
#   Check if swap backing store is full
#   Decrease Java heap size (-Xmx/-Xms)
#   Decrease number of Java threads
#   Decrease Java thread stack sizes (-Xss)
#   Set larger code cache with -XX:ReservedCodeCacheSize=
#   JVM is running with Unscaled Compressed Oops mode in which the Java heap is
#     placed in the first 4GB address space. The Java Heap base address is the
#     maximum limit for the native heap growth. Please use -XX:HeapBaseMinAddress
#     to set the Java Heap base and to place the Java Heap above 4GB virtual address.
# This output file may be truncated or incomplete.
#
#  Out of Memory Error (arena.cpp:184), pid=15648, tid=9448
#
# JRE version: Java(TM) SE Runtime Environment (18.0.2.1+1) (build 18.0.2.1+1-1)
# Java VM: Java HotSpot(TM) 64-Bit Server VM (18.0.2.1+1-1, mixed mode, sharing, tiered, compressed oops, compressed class ptrs, g1 gc, windows-amd64)
# No core dump will be written. Minidumps are not enabled by default on client versions of Windows
#

---------------  S U M M A R Y ------------

Command Line: -Dfile.encoding=UTF-8 --module-path=C:\Users\Ruthvik Bangera\Desktop\elec demo\Electricity-Billing-System\build\classes electricity.billing.system.Project

Host: AMD Ryzen 5 3550H with Radeon Vega Mobile Gfx  , 8 cores, 5G,  Windows 11 , 64 bit Build 22621 (10.0.22621.963)
Time: Sun Jan  8 13:37:34 2023 India Standard Time elapsed time: 282.569106 seconds (0d 0h 4m 42s)

---------------  T H R E A D  ---------------

Current thread (0x00000114ace2c960):  JavaThread "C1 CompilerThread0" daemon [_thread_in_native, id=9448, stack(0x0000000aa9700000,0x0000000aa9800000)]


Current CompileTask:
C1: 282569 1099       3       java.lang.StringConcatHelper::simpleConcat (94 bytes)

Stack: [0x0000000aa9700000,0x0000000aa9800000]
Native frames: (J=compiled Java code, j=interpreted, Vv=VM code, C=native code)
V  [jvm.dll+0x6993aa]
V  [jvm.dll+0x7f46dd]
V  [jvm.dll+0x7f5fee]
V  [jvm.dll+0x7f66a3]
V  [jvm.dll+0x25cf1f]
V  [jvm.dll+0xb8c2f]
V  [jvm.dll+0xb8fa5]
V  [jvm.dll+0x18b304]
V  [jvm.dll+0x18b57d]
V  [jvm.dll+0x18b5fe]
V  [jvm.dll+0x18dde5]
V  [jvm.dll+0x18f901]
V  [jvm.dll+0x148ff3]
V  [jvm.dll+0x1488cf]
V  [jvm.dll+0x148b26]
V  [jvm.dll+0x147f9a]
V  [jvm.dll+0x149c81]
V  [jvm.dll+0x23ee0a]
V  [jvm.dll+0x23d0f5]
V  [jvm.dll+0x7a6dd1]
V  [jvm.dll+0x7a120a]
V  [jvm.dll+0x698255]
C  [ucrtbase.dll+0x29363]
C  [KERNEL32.DLL+0x126bd]
C  [ntdll.dll+0x5dfb8]


---------------  P R O C E S S  ---------------

Threads class SMR info:
_java_thread_list=0x00000114b41d1850, length=17, elements={
0x00000114acdff1c0, 0x00000114acdffa70, 0x00000114ace18540, 0x00000114ace1ae00,
0x00000114ace1b6b0, 0x00000114ace1f460, 0x00000114ace2a060, 0x00000114ace2c960,
0x00000114ace35a20, 0x00000114acdec060, 0x00000114b114e7e0, 0x00000114b12fef10,
0x00000114b1305ea0, 0x00000114b1308e20, 0x00000114b3fb4690, 0x000001148ff2ebf0,
0x00000114b107b410
}

Java Threads: ( => current thread )
  0x00000114acdff1c0 JavaThread "Reference Handler" daemon [_thread_blocked, id=23196, stack(0x0000000aa9000000,0x0000000aa9100000)]
  0x00000114acdffa70 JavaThread "Finalizer" daemon [_thread_blocked, id=25752, stack(0x0000000aa9100000,0x0000000aa9200000)]
  0x00000114ace18540 JavaThread "Signal Dispatcher" daemon [_thread_blocked, id=4336, stack(0x0000000aa9200000,0x0000000aa9300000)]
  0x00000114ace1ae00 JavaThread "Attach Listener" daemon [_thread_blocked, id=26196, stack(0x0000000aa9300000,0x0000000aa9400000)]
  0x00000114ace1b6b0 JavaThread "Service Thread" daemon [_thread_blocked, id=4648, stack(0x0000000aa9400000,0x0000000aa9500000)]
  0x00000114ace1f460 JavaThread "Monitor Deflation Thread" daemon [_thread_blocked, id=24968, stack(0x0000000aa9500000,0x0000000aa9600000)]
  0x00000114ace2a060 JavaThread "C2 CompilerThread0" daemon [_thread_blocked, id=23080, stack(0x0000000aa9600000,0x0000000aa9700000)]
=>0x00000114ace2c960 JavaThread "C1 CompilerThread0" daemon [_thread_in_native, id=9448, stack(0x0000000aa9700000,0x0000000aa9800000)]
  0x00000114ace35a20 JavaThread "Sweeper thread" daemon [_thread_blocked, id=15572, stack(0x0000000aa9800000,0x0000000aa9900000)]
  0x00000114acdec060 JavaThread "Common-Cleaner" daemon [_thread_blocked, id=13604, stack(0x0000000aa9900000,0x0000000aa9a00000)]
  0x00000114b114e7e0 JavaThread "Notification Thread" daemon [_thread_blocked, id=15372, stack(0x0000000aa9a00000,0x0000000aa9b00000)]
  0x00000114b12fef10 JavaThread "Java2D Disposer" daemon [_thread_blocked, id=11844, stack(0x0000000aa9c00000,0x0000000aa9d00000)]
  0x00000114b1305ea0 JavaThread "AWT-Shutdown" [_thread_blocked, id=25220, stack(0x0000000aa9d00000,0x0000000aa9e00000)]
  0x00000114b1308e20 JavaThread "AWT-Windows" daemon [_thread_in_native, id=27796, stack(0x0000000aa9e00000,0x0000000aa9f00000)]
  0x00000114b3fb4690 JavaThread "AWT-EventQueue-0" [_thread_blocked, id=28168, stack(0x0000000aab000000,0x0000000aab100000)]
  0x000001148ff2ebf0 JavaThread "DestroyJavaVM" [_thread_blocked, id=13784, stack(0x0000000aa8900000,0x0000000aa8a00000)]
  0x00000114b107b410 JavaThread "D3D Screen Updater" daemon [_thread_blocked, id=3284, stack(0x0000000aab100000,0x0000000aab200000)]

Other Threads:
  0x000001148ffa4ec0 VMThread "VM Thread" [stack: 0x0000000aa8f00000,0x0000000aa9000000] [id=27664]
  0x00000114b112f450 WatcherThread "VM Periodic Task Thread" [stack: 0x0000000aa9b00000,0x0000000aa9c00000] [id=16296]
  0x000001148ff80bd0 WorkerThread "GC Thread#0" [stack: 0x0000000aa8a00000,0x0000000aa8b00000] [id=27480]
  0x00000114b40f6f90 WorkerThread "GC Thread#1" [stack: 0x0000000aaa900000,0x0000000aaaa00000] [id=25020]
  0x00000114b40f7230 WorkerThread "GC Thread#2" [stack: 0x0000000aaaa00000,0x0000000aaab00000] [id=20252]
  0x00000114b3ec9d90 WorkerThread "GC Thread#3" [stack: 0x0000000aaab00000,0x0000000aaac00000] [id=20848]
  0x00000114b3fca610 WorkerThread "GC Thread#4" [stack: 0x0000000aaac00000,0x0000000aaad00000] [id=14320]
  0x00000114b3dfd500 WorkerThread "GC Thread#5" [stack: 0x0000000aaad00000,0x0000000aaae00000] [id=27976]
  0x00000114b3e854f0 WorkerThread "GC Thread#6" [stack: 0x0000000aaae00000,0x0000000aaaf00000] [id=24588]
  0x00000114b4154e70 WorkerThread "GC Thread#7" [stack: 0x0000000aaaf00000,0x0000000aab000000] [id=17348]
  0x000001148ff8e8c0 ConcurrentGCThread "G1 Main Marker" [stack: 0x0000000aa8b00000,0x0000000aa8c00000] [id=24128]
  0x000001148ff8f860 WorkerThread "G1 Conc#0" [stack: 0x0000000aa8c00000,0x0000000aa8d00000] [id=16848]
  0x000001148ffda2e0 ConcurrentGCThread "G1 Refine#0" [stack: 0x0000000aa8d00000,0x0000000aa8e00000] [id=5896]
  0x000001148ffdab00 ConcurrentGCThread "G1 Service" [stack: 0x0000000aa8e00000,0x0000000aa8f00000] [id=23668]

Threads with active compile tasks:
C1 CompilerThread0   282663 1099       3       java.lang.StringConcatHelper::simpleConcat (94 bytes)

VM state: not at safepoint (normal execution)

VM Mutex/Monitor currently owned by a thread: None

Heap address: 0x00000000a0e00000, size: 1522 MB, Compressed Oops mode: 32-bit

CDS archive(s) mapped at: [0x0000000800000000-0x0000000800ba0000-0x0000000800ba0000), size 12189696, SharedBaseAddress: 0x0000000800000000, ArchiveRelocationMode: 0.
Compressed class space mapped at: 0x0000000800c00000-0x0000000840c00000, reserved size: 1073741824
Narrow klass base: 0x0000000800000000, Narrow klass shift: 0, Narrow klass range: 0x100000000

GC Precious Log:
 CardTable entry size: 512
 Card Set container configuration: InlinePtr #cards 5 size 8 Array Of Cards #cards 12 size 40 Howl #buckets 4 coarsen threshold 1843 Howl Bitmap #cards 512 size 80 coarsen threshold 460 Card regions per heap region 1 cards per card region 2048
 CPUs: 8 total, 8 available
 Memory: 6081M
 Large Page Support: Disabled
 NUMA Support: Disabled
 Compressed Oops: Enabled (32-bit)
 Heap Region Size: 1M
 Heap Min Capacity: 8M
 Heap Initial Capacity: 96M
 Heap Max Capacity: 1522M
 Pre-touch: Disabled
 Parallel Workers: 8
 Concurrent Workers: 2
 Concurrent Refinement Workers: 8
 Periodic GC: Disabled

Heap:
 garbage-first heap   total 98304K, used 55040K [0x00000000a0e00000, 0x0000000100000000)
  region size 1024K, 22 young (22528K), 3 survivors (3072K)
 Metaspace       used 7336K, committed 7552K, reserved 1114112K
  class space    used 782K, committed 896K, reserved 1048576K

Heap Regions: E=young(eden), S=young(survivor), O=old, HS=humongous(starts), HC=humongous(continues), CS=collection set, F=free, OA=open archive, CA=closed archive, TAMS=top-at-mark-start (previous, next)
|   0|0x00000000a0e00000, 0x00000000a0f00000, 0x00000000a0f00000|100%|HS|  |TAMS 0x00000000a0e00000, 0x00000000a0e00000| Complete 
|   1|0x00000000a0f00000, 0x00000000a1000000, 0x00000000a1000000|100%|HC|  |TAMS 0x00000000a0f00000, 0x00000000a0f00000| Complete 
|   2|0x00000000a1000000, 0x00000000a1100000, 0x00000000a1100000|100%|HC|  |TAMS 0x00000000a1000000, 0x00000000a1000000| Complete 
|   3|0x00000000a1100000, 0x00000000a1200000, 0x00000000a1200000|100%|HC|  |TAMS 0x00000000a1100000, 0x00000000a1100000| Complete 
|   4|0x00000000a1200000, 0x00000000a1300000, 0x00000000a1300000|100%|HS|  |TAMS 0x00000000a1200000, 0x00000000a1200000| Complete 
|   5|0x00000000a1300000, 0x00000000a1400000, 0x00000000a1400000|100%|HC|  |TAMS 0x00000000a1300000, 0x00000000a1300000| Complete 
|   6|0x00000000a1400000, 0x00000000a1500000, 0x00000000a1500000|100%|HC|  |TAMS 0x00000000a1400000, 0x00000000a1400000| Complete 
|   7|0x00000000a1500000, 0x00000000a1600000, 0x00000000a1600000|100%|HC|  |TAMS 0x00000000a1500000, 0x00000000a1500000| Complete 
|   8|0x00000000a1600000, 0x00000000a1700000, 0x00000000a1700000|100%|HC|  |TAMS 0x00000000a1600000, 0x00000000a1600000| Complete 
|   9|0x00000000a1700000, 0x00000000a1800000, 0x00000000a1800000|100%|HC|  |TAMS 0x00000000a1700000, 0x00000000a1700000| Complete 
|  10|0x00000000a1800000, 0x00000000a1900000, 0x00000000a1900000|100%|HS|  |TAMS 0x00000000a1800000, 0x00000000a1800000| Complete 
|  11|0x00000000a1900000, 0x00000000a1a00000, 0x00000000a1a00000|100%|HC|  |TAMS 0x00000000a1900000, 0x00000000a1900000| Complete 
|  12|0x00000000a1a00000, 0x00000000a1b00000, 0x00000000a1b00000|100%|HS|  |TAMS 0x00000000a1a00000, 0x00000000a1a00000| Complete 
|  13|0x00000000a1b00000, 0x00000000a1c00000, 0x00000000a1c00000|100%|HC|  |TAMS 0x00000000a1b00000, 0x00000000a1b00000| Complete 
|  14|0x00000000a1c00000, 0x00000000a1d00000, 0x00000000a1d00000|100%|HC|  |TAMS 0x00000000a1c00000, 0x00000000a1c00000| Complete 
|  15|0x00000000a1d00000, 0x00000000a1e00000, 0x00000000a1e00000|100%|HC|  |TAMS 0x00000000a1d00000, 0x00000000a1d00000| Complete 
|  16|0x00000000a1e00000, 0x00000000a1f00000, 0x00000000a1f00000|100%|HC|  |TAMS 0x00000000a1e00000, 0x00000000a1e00000| Complete 
|  17|0x00000000a1f00000, 0x00000000a2000000, 0x00000000a2000000|100%|HC|  |TAMS 0x00000000a1f00000, 0x00000000a1f00000| Complete 
|  18|0x00000000a2000000, 0x00000000a2100000, 0x00000000a2100000|100%|HC|  |TAMS 0x00000000a2000000, 0x00000000a2000000| Complete 
|  19|0x00000000a2100000, 0x00000000a2200000, 0x00000000a2200000|100%|HC|  |TAMS 0x00000000a2100000, 0x00000000a2100000| Complete 
|  20|0x00000000a2200000, 0x00000000a2300000, 0x00000000a2300000|100%|HC|  |TAMS 0x00000000a2200000, 0x00000000a2200000| Complete 
|  21|0x00000000a2300000, 0x00000000a2400000, 0x00000000a2400000|100%|HC|  |TAMS 0x00000000a2300000, 0x00000000a2300000| Complete 
|  22|0x00000000a2400000, 0x00000000a2500000, 0x00000000a2500000|100%|HC|  |TAMS 0x00000000a2400000, 0x00000000a2400000| Complete 
|  23|0x00000000a2500000, 0x00000000a2600000, 0x00000000a2600000|100%|HC|  |TAMS 0x00000000a2500000, 0x00000000a2500000| Complete 
|  24|0x00000000a2600000, 0x00000000a2700000, 0x00000000a2700000|100%|HC|  |TAMS 0x00000000a2600000, 0x00000000a2600000| Complete 
|  25|0x00000000a2700000, 0x00000000a2800000, 0x00000000a2800000|100%|HC|  |TAMS 0x00000000a2700000, 0x00000000a2700000| Complete 
|  26|0x00000000a2800000, 0x00000000a2900000, 0x00000000a2900000|100%|HC|  |TAMS 0x00000000a2800000, 0x00000000a2800000| Complete 
|  27|0x00000000a2900000, 0x00000000a2a00000, 0x00000000a2a00000|100%|HC|  |TAMS 0x00000000a2900000, 0x00000000a2900000| Complete 
|  28|0x00000000a2a00000, 0x00000000a2b00000, 0x00000000a2b00000|100%|HC|  |TAMS 0x00000000a2a00000, 0x00000000a2a00000| Complete 
|  29|0x00000000a2b00000, 0x00000000a2c00000, 0x00000000a2c00000|100%|HS|  |TAMS 0x00000000a2b00000, 0x00000000a2b00000| Complete 
|  30|0x00000000a2c00000, 0x00000000a2d00000, 0x00000000a2d00000|100%|HC|  |TAMS 0x00000000a2c00000, 0x00000000a2c00000| Complete 
|  31|0x00000000a2d00000, 0x00000000a2e00000, 0x00000000a2e00000|100%|HS|  |TAMS 0x00000000a2d00000, 0x00000000a2d00000| Complete 
|  32|0x00000000a2e00000, 0x00000000a2f00000, 0x00000000a2f00000|100%|HC|  |TAMS 0x00000000a2e00000, 0x00000000a2e00000| Complete 
|  33|0x00000000a2f00000, 0x00000000a2f00000, 0x00000000a3000000|  0%| F|  |TAMS 0x00000000a2f00000, 0x00000000a2f00000| Untracked 
|  34|0x00000000a3000000, 0x00000000a3000000, 0x00000000a3100000|  0%| F|  |TAMS 0x00000000a3000000, 0x00000000a3000000| Untracked 
|  35|0x00000000a3100000, 0x00000000a3100000, 0x00000000a3200000|  0%| F|  |TAMS 0x00000000a3100000, 0x00000000a3100000| Untracked 
|  36|0x00000000a3200000, 0x00000000a3200000, 0x00000000a3300000|  0%| F|  |TAMS 0x00000000a3200000, 0x00000000a3200000| Untracked 
|  37|0x00000000a3300000, 0x00000000a3300000, 0x00000000a3400000|  0%| F|  |TAMS 0x00000000a3300000, 0x00000000a3300000| Untracked 
|  38|0x00000000a3400000, 0x00000000a3400000, 0x00000000a3500000|  0%| F|  |TAMS 0x00000000a3400000, 0x00000000a3400000| Untracked 
|  39|0x00000000a3500000, 0x00000000a3500000, 0x00000000a3600000|  0%| F|  |TAMS 0x00000000a3500000, 0x00000000a3500000| Untracked 
|  40|0x00000000a3600000, 0x00000000a3600000, 0x00000000a3700000|  0%| F|  |TAMS 0x00000000a3600000, 0x00000000a3600000| Untracked 
|  41|0x00000000a3700000, 0x00000000a3700000, 0x00000000a3800000|  0%| F|  |TAMS 0x00000000a3700000, 0x00000000a3700000| Untracked 
|  42|0x00000000a3800000, 0x00000000a3800000, 0x00000000a3900000|  0%| F|  |TAMS 0x00000000a3800000, 0x00000000a3800000| Untracked 
|  43|0x00000000a3900000, 0x00000000a3900000, 0x00000000a3a00000|  0%| F|  |TAMS 0x00000000a3900000, 0x00000000a3900000| Untracked 
|  44|0x00000000a3a00000, 0x00000000a3a00000, 0x00000000a3b00000|  0%| F|  |TAMS 0x00000000a3a00000, 0x00000000a3a00000| Untracked 
|  45|0x00000000a3b00000, 0x00000000a3b00000, 0x00000000a3c00000|  0%| F|  |TAMS 0x00000000a3b00000, 0x00000000a3b00000| Untracked 
|  46|0x00000000a3c00000, 0x00000000a3c00000, 0x00000000a3d00000|  0%| F|  |TAMS 0x00000000a3c00000, 0x00000000a3c00000| Untracked 
|  47|0x00000000a3d00000, 0x00000000a3d00000, 0x00000000a3e00000|  0%| F|  |TAMS 0x00000000a3d00000, 0x00000000a3d00000| Untracked 
|  48|0x00000000a3e00000, 0x00000000a3e00000, 0x00000000a3f00000|  0%| F|  |TAMS 0x00000000a3e00000, 0x00000000a3e00000| Untracked 
|  49|0x00000000a3f00000, 0x00000000a3f00000, 0x00000000a4000000|  0%| F|  |TAMS 0x00000000a3f00000, 0x00000000a3f00000| Untracked 
|  50|0x00000000a4000000, 0x00000000a4000000, 0x00000000a4100000|  0%| F|  |TAMS 0x00000000a4000000, 0x00000000a4000000| Untracked 
|  51|0x00000000a4100000, 0x00000000a4100000, 0x00000000a4200000|  0%| F|  |TAMS 0x00000000a4100000, 0x00000000a4100000| Untracked 
|  52|0x00000000a4200000, 0x00000000a4200000, 0x00000000a4300000|  0%| F|  |TAMS 0x00000000a4200000, 0x00000000a4200000| Untracked 
|  53|0x00000000a4300000, 0x00000000a4300000, 0x00000000a4400000|  0%| F|  |TAMS 0x00000000a4300000, 0x00000000a4300000| Untracked 
|  54|0x00000000a4400000, 0x00000000a4400000, 0x00000000a4500000|  0%| F|  |TAMS 0x00000000a4400000, 0x00000000a4400000| Untracked 
|  55|0x00000000a4500000, 0x00000000a4500000, 0x00000000a4600000|  0%| F|  |TAMS 0x00000000a4500000, 0x00000000a4500000| Untracked 
|  56|0x00000000a4600000, 0x00000000a4600000, 0x00000000a4700000|  0%| F|  |TAMS 0x00000000a4600000, 0x00000000a4600000| Untracked 
|  57|0x00000000a4700000, 0x00000000a4700000, 0x00000000a4800000|  0%| F|  |TAMS 0x00000000a4700000, 0x00000000a4700000| Untracked 
|  58|0x00000000a4800000, 0x00000000a4800000, 0x00000000a4900000|  0%| F|  |TAMS 0x00000000a4800000, 0x00000000a4800000| Untracked 
|  59|0x00000000a4900000, 0x00000000a4900000, 0x00000000a4a00000|  0%| F|  |TAMS 0x00000000a4900000, 0x00000000a4900000| Untracked 
|  60|0x00000000a4a00000, 0x00000000a4a00000, 0x00000000a4b00000|  0%| F|  |TAMS 0x00000000a4a00000, 0x00000000a4a00000| Untracked 
|  61|0x00000000a4b00000, 0x00000000a4b00000, 0x00000000a4c00000|  0%| F|  |TAMS 0x00000000a4b00000, 0x00000000a4b00000| Untracked 
|  62|0x00000000a4c00000, 0x00000000a4c00000, 0x00000000a4d00000|  0%| F|  |TAMS 0x00000000a4c00000, 0x00000000a4c00000| Untracked 
|  63|0x00000000a4d00000, 0x00000000a4d00000, 0x00000000a4e00000|  0%| F|  |TAMS 0x00000000a4d00000, 0x00000000a4d00000| Untracked 
|  64|0x00000000a4e00000, 0x00000000a4e00000, 0x00000000a4f00000|  0%| F|  |TAMS 0x00000000a4e00000, 0x00000000a4e00000| Untracked 
|  65|0x00000000a4f00000, 0x00000000a4f00000, 0x00000000a5000000|  0%| F|  |TAMS 0x00000000a4f00000, 0x00000000a4f00000| Untracked 
|  66|0x00000000a5000000, 0x00000000a5000000, 0x00000000a5100000|  0%| F|  |TAMS 0x00000000a5000000, 0x00000000a5000000| Untracked 
|  67|0x00000000a5100000, 0x00000000a5100000, 0x00000000a5200000|  0%| F|  |TAMS 0x00000000a5100000, 0x00000000a5100000| Untracked 
|  68|0x00000000a5200000, 0x00000000a5200000, 0x00000000a5300000|  0%| F|  |TAMS 0x00000000a5200000, 0x00000000a5200000| Untracked 
|  69|0x00000000a5300000, 0x00000000a5300000, 0x00000000a5400000|  0%| F|  |TAMS 0x00000000a5300000, 0x00000000a5300000| Untracked 
|  70|0x00000000a5400000, 0x00000000a54c0000, 0x00000000a5500000| 75%| S|CS|TAMS 0x00000000a5400000, 0x00000000a5400000| Complete 
|  71|0x00000000a5500000, 0x00000000a5600000, 0x00000000a5600000|100%| S|CS|TAMS 0x00000000a5500000, 0x00000000a5500000| Complete 
|  72|0x00000000a5600000, 0x00000000a5700000, 0x00000000a5700000|100%| S|CS|TAMS 0x00000000a5600000, 0x00000000a5600000| Complete 
|  73|0x00000000a5700000, 0x00000000a5700000, 0x00000000a5800000|  0%| F|  |TAMS 0x00000000a5700000, 0x00000000a5700000| Untracked 
|  74|0x00000000a5800000, 0x00000000a5800000, 0x00000000a5900000|  0%| F|  |TAMS 0x00000000a5800000, 0x00000000a5800000| Untracked 
|  75|0x00000000a5900000, 0x00000000a5900000, 0x00000000a5a00000|  0%| F|  |TAMS 0x00000000a5900000, 0x00000000a5900000| Untracked 
|  76|0x00000000a5a00000, 0x00000000a5a00000, 0x00000000a5b00000|  0%| F|  |TAMS 0x00000000a5a00000, 0x00000000a5a00000| Untracked 
|  77|0x00000000a5b00000, 0x00000000a5b6c830, 0x00000000a5c00000| 42%| E|  |TAMS 0x00000000a5b00000, 0x00000000a5b00000| Complete 
|  78|0x00000000a5c00000, 0x00000000a5d00000, 0x00000000a5d00000|100%| E|CS|TAMS 0x00000000a5c00000, 0x00000000a5c00000| Complete 
|  79|0x00000000a5d00000, 0x00000000a5e00000, 0x00000000a5e00000|100%| E|CS|TAMS 0x00000000a5d00000, 0x00000000a5d00000| Complete 
|  80|0x00000000a5e00000, 0x00000000a5f00000, 0x00000000a5f00000|100%| E|CS|TAMS 0x00000000a5e00000, 0x00000000a5e00000| Complete 
|  81|0x00000000a5f00000, 0x00000000a6000000, 0x00000000a6000000|100%| E|CS|TAMS 0x00000000a5f00000, 0x00000000a5f00000| Complete 
|  82|0x00000000a6000000, 0x00000000a6100000, 0x00000000a6100000|100%| E|CS|TAMS 0x00000000a6000000, 0x00000000a6000000| Complete 
|  83|0x00000000a6100000, 0x00000000a6200000, 0x00000000a6200000|100%| E|CS|TAMS 0x00000000a6100000, 0x00000000a6100000| Complete 
|  84|0x00000000a6200000, 0x00000000a6300000, 0x00000000a6300000|100%| E|CS|TAMS 0x00000000a6200000, 0x00000000a6200000| Complete 
|  85|0x00000000a6300000, 0x00000000a6400000, 0x00000000a6400000|100%| E|CS|TAMS 0x00000000a6300000, 0x00000000a6300000| Complete 
|  86|0x00000000a6400000, 0x00000000a6500000, 0x00000000a6500000|100%| E|CS|TAMS 0x00000000a6400000, 0x00000000a6400000| Complete 
|  87|0x00000000a6500000, 0x00000000a6600000, 0x00000000a6600000|100%| E|CS|TAMS 0x00000000a6500000, 0x00000000a6500000| Complete 
|  88|0x00000000a6600000, 0x00000000a6700000, 0x00000000a6700000|100%| E|CS|TAMS 0x00000000a6600000, 0x00000000a6600000| Complete 
|  89|0x00000000a6700000, 0x00000000a6800000, 0x00000000a6800000|100%| E|CS|TAMS 0x00000000a6700000, 0x00000000a6700000| Complete 
|  90|0x00000000a6800000, 0x00000000a6900000, 0x00000000a6900000|100%| E|CS|TAMS 0x00000000a6800000, 0x00000000a6800000| Complete 
|  91|0x00000000a6900000, 0x00000000a6a00000, 0x00000000a6a00000|100%| E|CS|TAMS 0x00000000a6900000, 0x00000000a6900000| Complete 
|  92|0x00000000a6a00000, 0x00000000a6b00000, 0x00000000a6b00000|100%| E|CS|TAMS 0x00000000a6a00000, 0x00000000a6a00000| Complete 
|  93|0x00000000a6b00000, 0x00000000a6c00000, 0x00000000a6c00000|100%| E|CS|TAMS 0x00000000a6b00000, 0x00000000a6b00000| Complete 
|  94|0x00000000a6c00000, 0x00000000a6d00000, 0x00000000a6d00000|100%| E|CS|TAMS 0x00000000a6c00000, 0x00000000a6c00000| Complete 
|  95|0x00000000a6d00000, 0x00000000a6e00000, 0x00000000a6e00000|100%| E|CS|TAMS 0x00000000a6d00000, 0x00000000a6d00000| Complete 

Card table byte_map: [0x00000114a6ea0000,0x00000114a71a0000] _byte_map_base: 0x00000114a6999000

Marking Bits (Prev, Next): (CMBitMap*) 0x000001148ff80fe0, (CMBitMap*) 0x000001148ff81020
 Prev Bits: [0x00000114a74a0000, 0x00000114a8c68000)
 Next Bits: [0x00000114a8c70000, 0x00000114aa438000)

Polling page: 0x000001148dee0000

Metaspace:

Usage:
  Non-class:      6.40 MB used.
      Class:    782.10 KB used.
       Both:      7.16 MB used.

Virtual space:
  Non-class space:       64.00 MB reserved,       6.50 MB ( 10%) committed,  1 nodes.
      Class space:        1.00 GB reserved,     896.00 KB ( <1%) committed,  1 nodes.
             Both:        1.06 GB reserved,       7.38 MB ( <1%) committed. 

Chunk freelists:
   Non-Class:  1.00 MB
       Class:  3.12 MB
        Both:  4.12 MB

MaxMetaspaceSize: unlimited
CompressedClassSpaceSize: 1.00 GB
Initial GC threshold: 21.00 MB
Current GC threshold: 21.00 MB
CDS: on
MetaspaceReclaimPolicy: balanced
 - commit_granule_bytes: 65536.
 - commit_granule_words: 8192.
 - virtual_space_node_default_size: 8388608.
 - enlarge_chunks_in_place: 1.
 - new_chunks_are_fully_committed: 0.
 - uncommit_free_chunks: 1.
 - use_allocation_guard: 0.


Internal statistics:

num_allocs_failed_limit: 0.
num_arena_births: 126.
num_arena_deaths: 0.
num_vsnodes_births: 2.
num_vsnodes_deaths: 0.
num_space_committed: 118.
num_space_uncommitted: 0.
num_chunks_returned_to_freelist: 0.
num_chunks_taken_from_freelist: 182.
num_chunk_merges: 0.
num_chunk_splits: 95.
num_chunks_enlarged: 23.
num_inconsistent_stats: 0.

CodeHeap 'non-profiled nmethods': size=120000Kb used=383Kb max_used=383Kb free=119616Kb
 bounds [0x000001149f330000, 0x000001149f5a0000, 0x00000114a6860000]
CodeHeap 'profiled nmethods': size=120000Kb used=1809Kb max_used=1809Kb free=118190Kb
 bounds [0x0000011497e00000, 0x0000011498070000, 0x000001149f330000]
CodeHeap 'non-nmethods': size=5760Kb used=1280Kb max_used=1295Kb free=4479Kb
 bounds [0x0000011497860000, 0x0000011497ad0000, 0x0000011497e00000]
 total_blobs=1694 nmethods=1098 adapters=509
 compilation: enabled
              stopped_count=0, restarted_count=0
 full_count=0

Compilation events (20 events):
Event: 4.964 Thread 0x00000114ace2c960 nmethod 1089 0x0000011497fc0290 code [0x0000011497fc0480, 0x0000011497fc0bd8]
Event: 4.985 Thread 0x00000114ace2c960 1090       3       sun.util.locale.BaseLocale$Key::getBaseLocale (25 bytes)
Event: 4.987 Thread 0x00000114ace2c960 nmethod 1090 0x0000011497fc0d10 code [0x0000011497fc0ec0, 0x0000011497fc1208]
Event: 4.987 Thread 0x00000114ace2c960 1091       3       java.lang.invoke.MethodType::dropParameterTypes (162 bytes)
Event: 4.991 Thread 0x00000114ace2c960 nmethod 1091 0x0000011497fc1310 code [0x0000011497fc1600, 0x0000011497fc2588]
Event: 4.998 Thread 0x00000114ace2a060 1092       4       java.lang.ref.Reference::<init> (25 bytes)
Event: 5.005 Thread 0x00000114ace2a060 nmethod 1092 0x000001149f38f810 code [0x000001149f38f980, 0x000001149f38fbb8]
Event: 281.893 Thread 0x00000114ace2a060 1093       4       jdk.internal.logger.SurrogateLogger::defaultPlatformLevel (4 bytes)
Event: 281.895 Thread 0x00000114ace2a060 nmethod 1093 0x000001149f38fc10 code [0x000001149f38fd80, 0x000001149f38fdf8]
Event: 281.985 Thread 0x00000114ace2c960 1094       3       java.beans.PropertyChangeSupport::firePropertyChange (35 bytes)
Event: 281.987 Thread 0x00000114ace2c960 nmethod 1094 0x0000011497fc2a90 code [0x0000011497fc2c80, 0x0000011497fc3428]
Event: 281.987 Thread 0x00000114ace2c960 1095       3       java.util.HashMap$EntryIterator::next (5 bytes)
Event: 281.988 Thread 0x00000114ace2c960 nmethod 1095 0x0000011497fc3690 code [0x0000011497fc3840, 0x0000011497fc39c8]
Event: 281.988 Thread 0x00000114ace2c960 1096       3       java.util.HashMap$EntryIterator::next (5 bytes)
Event: 281.988 Thread 0x00000114ace2c960 nmethod 1096 0x0000011497fc3a90 code [0x0000011497fc3c20, 0x0000011497fc3d68]
Event: 282.530 Thread 0x00000114ace2c960 1097       3       java.lang.invoke.Invokers$Holder::linkToTargetMethod (9 bytes)
Event: 282.530 Thread 0x00000114ace2c960 nmethod 1097 0x0000011497fc3e10 code [0x0000011497fc3fc0, 0x0000011497fc4398]
Event: 282.550 Thread 0x00000114ace2c960 1098       3       java.lang.StringConcatHelper::initialCoder (14 bytes)
Event: 282.550 Thread 0x00000114ace2c960 nmethod 1098 0x0000011497fc4490 code [0x0000011497fc4620, 0x0000011497fc4738]
Event: 282.551 Thread 0x00000114ace2c960 1099       3       java.lang.StringConcatHelper::simpleConcat (94 bytes)

GC Heap History (2 events):
Event: 1.516 GC heap before
{Heap before GC invocations=0 (full 0):
 garbage-first heap   total 98304K, used 52224K [0x00000000a0e00000, 0x0000000100000000)
  region size 1024K, 23 young (23552K), 0 survivors (0K)
 Metaspace       used 5016K, committed 5120K, reserved 1114112K
  class space    used 516K, committed 576K, reserved 1048576K
}
Event: 1.527 GC heap after
{Heap after GC invocations=1 (full 0):
 garbage-first heap   total 98304K, used 32512K [0x00000000a0e00000, 0x0000000100000000)
  region size 1024K, 3 young (3072K), 3 survivors (3072K)
 Metaspace       used 5016K, committed 5120K, reserved 1114112K
  class space    used 516K, committed 576K, reserved 1048576K
}

Deoptimization events (20 events):
Event: 1.897 Thread 0x000001148ff2ebf0 Uncommon trap: trap_request=0xffffff45 fr.pc=0x000001149f359d10 relative=0x0000000000000210
Event: 1.897 Thread 0x000001148ff2ebf0 Uncommon trap: reason=unstable_if action=reinterpret pc=0x000001149f359d10 method=java.lang.StringUTF16.compress([CI[BII)I @ 20 c2
Event: 1.897 Thread 0x000001148ff2ebf0 DEOPT PACKING pc=0x000001149f359d10 sp=0x0000000aa89fdd70
Event: 1.897 Thread 0x000001148ff2ebf0 DEOPT UNPACKING pc=0x00000114978b23a3 sp=0x0000000aa89fdcf0 mode 2
Event: 2.251 Thread 0x00000114b3fb4690 Uncommon trap: trap_request=0xffffffde fr.pc=0x000001149f382348 relative=0x0000000000000288
Event: 2.251 Thread 0x00000114b3fb4690 Uncommon trap: reason=class_check action=maybe_recompile pc=0x000001149f382348 method=java.util.HashMap.getNode(Ljava/lang/Object;)Ljava/util/HashMap$Node; @ 63 c2
Event: 2.252 Thread 0x00000114b3fb4690 DEOPT PACKING pc=0x000001149f382348 sp=0x0000000aab0fd260
Event: 2.252 Thread 0x00000114b3fb4690 DEOPT UNPACKING pc=0x00000114978b23a3 sp=0x0000000aab0fd1c8 mode 2
Event: 2.262 Thread 0x00000114b3fb4690 Uncommon trap: trap_request=0xffffffde fr.pc=0x000001149f382348 relative=0x0000000000000288
Event: 2.262 Thread 0x00000114b3fb4690 Uncommon trap: reason=class_check action=maybe_recompile pc=0x000001149f382348 method=java.util.HashMap.getNode(Ljava/lang/Object;)Ljava/util/HashMap$Node; @ 63 c2
Event: 2.263 Thread 0x00000114b3fb4690 DEOPT PACKING pc=0x000001149f382348 sp=0x0000000aab0fd150
Event: 2.263 Thread 0x00000114b3fb4690 DEOPT UNPACKING pc=0x00000114978b23a3 sp=0x0000000aab0fd0b8 mode 2
Event: 2.267 Thread 0x00000114b3fb4690 Uncommon trap: trap_request=0xffffffde fr.pc=0x000001149f382348 relative=0x0000000000000288
Event: 2.267 Thread 0x00000114b3fb4690 Uncommon trap: reason=class_check action=maybe_recompile pc=0x000001149f382348 method=java.util.HashMap.getNode(Ljava/lang/Object;)Ljava/util/HashMap$Node; @ 63 c2
Event: 2.267 Thread 0x00000114b3fb4690 DEOPT PACKING pc=0x000001149f382348 sp=0x0000000aab0fd260
Event: 2.267 Thread 0x00000114b3fb4690 DEOPT UNPACKING pc=0x00000114978b23a3 sp=0x0000000aab0fd1c8 mode 2
Event: 2.286 Thread 0x00000114b3fb4690 Uncommon trap: trap_request=0xffffffde fr.pc=0x000001149f382348 relative=0x0000000000000288
Event: 2.286 Thread 0x00000114b3fb4690 Uncommon trap: reason=class_check action=maybe_recompile pc=0x000001149f382348 method=java.util.HashMap.getNode(Ljava/lang/Object;)Ljava/util/HashMap$Node; @ 63 c2
Event: 2.286 Thread 0x00000114b3fb4690 DEOPT PACKING pc=0x000001149f382348 sp=0x0000000aab0fd150
Event: 2.286 Thread 0x00000114b3fb4690 DEOPT UNPACKING pc=0x00000114978b23a3 sp=0x0000000aab0fd0b8 mode 2

Classes loaded (20 events):
Event: 2.451 Loading class java/text/AttributedString$AttributedStringIterator
Event: 2.451 Loading class java/text/AttributedCharacterIterator
Event: 2.451 Loading class java/text/CharacterIterator
Event: 2.451 Loading class java/text/CharacterIterator done
Event: 2.451 Loading class java/text/AttributedCharacterIterator done
Event: 2.451 Loading class java/text/AttributedString$AttributedStringIterator done
Event: 2.451 Loading class java/awt/event/ContainerEvent
Event: 2.452 Loading class java/awt/event/ContainerEvent done
Event: 2.464 Loading class java/util/concurrent/locks/AbstractQueuedSynchronizer$ConditionNode
Event: 2.465 Loading class java/util/concurrent/ForkJoinPool$ManagedBlocker
Event: 2.465 Loading class java/util/concurrent/ForkJoinPool$ManagedBlocker done
Event: 2.465 Loading class java/util/concurrent/locks/AbstractQueuedSynchronizer$ConditionNode done
Event: 3.968 Loading class javax/swing/event/ChangeEvent
Event: 3.968 Loading class javax/swing/event/ChangeEvent done
Event: 4.207 Loading class java/awt/LightweightDispatcher$2
Event: 4.208 Loading class java/awt/LightweightDispatcher$2 done
Event: 4.933 Loading class java/awt/KeyboardFocusManager$2
Event: 4.933 Loading class java/awt/KeyboardFocusManager$2 done
Event: 4.934 Loading class sun/awt/SunToolkit$1
Event: 4.934 Loading class sun/awt/SunToolkit$1 done

Classes unloaded (0 events):
No events

Classes redefined (0 events):
No events

Internal exceptions (19 events):
Event: 0.397 Thread 0x000001148ff2ebf0 Exception <a 'sun/nio/fs/WindowsException'{0x00000000a6c35f28}> (0x00000000a6c35f28) 
thrown [s\open\src\hotspot\share\prims\jni.cpp, line 516]
Event: 0.397 Thread 0x000001148ff2ebf0 Exception <a 'sun/nio/fs/WindowsException'{0x00000000a6c364b8}> (0x00000000a6c364b8) 
thrown [s\open\src\hotspot\share\prims\jni.cpp, line 516]
Event: 0.401 Thread 0x000001148ff2ebf0 Exception <a 'sun/nio/fs/WindowsException'{0x00000000a6c389e0}> (0x00000000a6c389e0) 
thrown [s\open\src\hotspot\share\prims\jni.cpp, line 516]
Event: 0.401 Thread 0x000001148ff2ebf0 Exception <a 'sun/nio/fs/WindowsException'{0x00000000a6c39518}> (0x00000000a6c39518) 
thrown [s\open\src\hotspot\share\prims\jni.cpp, line 516]
Event: 0.402 Thread 0x000001148ff2ebf0 Exception <a 'sun/nio/fs/WindowsException'{0x00000000a6c3a068}> (0x00000000a6c3a068) 
thrown [s\open\src\hotspot\share\prims\jni.cpp, line 516]
Event: 0.508 Thread 0x000001148ff2ebf0 Exception <a 'java/lang/ClassNotFoundException'{0x00000000a6b02db0}: sun/awt/resources/spi/awtProvider> (0x00000000a6b02db0) 
thrown [s\open\src\hotspot\share\classfile\systemDictionary.cpp, line 255]
Event: 0.578 Thread 0x000001148ff2ebf0 Exception <a 'java/io/FileNotFoundException'{0x00000000a6b565e0}> (0x00000000a6b565e0) 
thrown [s\open\src\hotspot\share\prims\jni.cpp, line 516]
Event: 0.593 Thread 0x000001148ff2ebf0 Exception <a 'java/io/FileNotFoundException'{0x00000000a6b83858}> (0x00000000a6b83858) 
thrown [s\open\src\hotspot\share\prims\jni.cpp, line 516]
Event: 0.709 Thread 0x000001148ff2ebf0 Exception <a 'java/lang/NoSuchMethodError'{0x00000000a6bc7bc8}: 'java.lang.Object java.lang.invoke.DirectMethodHandle$Holder.invokeStaticInit(java.lang.Object)'> (0x00000000a6bc7bc8) 
thrown [s\open\src\hotspot\share\interpreter\linkResolver.cpp, line 759]
Event: 0.962 Thread 0x000001148ff2ebf0 Exception <a 'java/lang/NoSuchMethodError'{0x00000000a6a9cad8}: 'void java.lang.invoke.DirectMethodHandle$Holder.invokeSpecial(java.lang.Object, java.lang.Object, java.lang.Object)'> (0x00000000a6a9cad8) 
thrown [s\open\src\hotspot\share\interpreter\linkResolver.cpp, line 759]
Event: 0.985 Thread 0x000001148ff2ebf0 Exception <a 'java/lang/NoSuchMethodError'{0x00000000a6ac7b68}: 'java.lang.Object java.lang.invoke.DirectMethodHandle$Holder.newInvokeSpecial(java.lang.Object, java.lang.Object, java.lang.Object, java.lang.Object, java.lang.Object)'> (0x00000000a6ac7b68) 
thrown [s\open\src\hotspot\share\interpreter\linkResolver.cpp, line 759]
Event: 1.005 Thread 0x000001148ff2ebf0 Exception <a 'java/lang/NoSuchMethodError'{0x00000000a6af98e0}: 'java.lang.Object java.lang.invoke.DirectMethodHandle$Holder.invokeStatic(java.lang.Object, int, java.lang.Object)'> (0x00000000a6af98e0) 
thrown [s\open\src\hotspot\share\interpreter\linkResolver.cpp, line 759]
Event: 1.090 Thread 0x000001148ff2ebf0 Exception <a 'java/lang/ClassNotFoundException'{0x00000000a69b6d88}: com/sun/swing/internal/plaf/metal/resources/spi/metalProvider> (0x00000000a69b6d88) 
thrown [s\open\src\hotspot\share\classfile\systemDictionary.cpp, line 255]
Event: 1.092 Thread 0x000001148ff2ebf0 Exception <a 'java/lang/ClassNotFoundException'{0x00000000a69badc0}: com/sun/swing/internal/plaf/basic/resources/spi/basicProvider> (0x00000000a69badc0) 
thrown [s\open\src\hotspot\share\classfile\systemDictionary.cpp, line 255]
Event: 1.110 Thread 0x000001148ff2ebf0 Exception <a 'java/lang/NoSuchMethodError'{0x00000000a69db1c0}: 'int java.lang.invoke.Invokers$Holder.invokeExact_MT(java.lang.Object, java.lang.Object)'> (0x00000000a69db1c0) 
thrown [s\open\src\hotspot\share\interpreter\linkResolver.cpp, line 759]
Event: 1.226 Thread 0x00000114b3dd5010 Exception <a 'java/lang/NoSuchMethodError'{0x00000000a6767848}: 'java.lang.Object java.lang.invoke.DirectMethodHandle$Holder.newInvokeSpecial(java.lang.Object, java.lang.Object, java.lang.Object, int, int, int, int, int)'> (0x00000000a6767848) 
thrown [s\open\src\hotspot\share\interpreter\linkResolver.cpp, line 759]
Event: 1.411 Thread 0x00000114b3dd5010 Implicit null exception at 0x000001149f36180a to 0x000001149f361fb8
Event: 1.816 Thread 0x00000114b1308e20 Exception <a 'java/lang/NoSuchMethodError'{0x00000000a5c05190}: 'void java.lang.invoke.DirectMethodHandle$Holder.invokeVirtual(java.lang.Object, java.lang.Object)'> (0x00000000a5c05190) 
thrown [s\open\src\hotspot\share\interpreter\linkResolver.cpp, line 759]
Event: 1.860 Thread 0x000001148ff2ebf0 Exception <a 'java/lang/NoSuchMethodError'{0x00000000a6199df8}: 'void java.lang.invoke.DirectMethodHandle$Holder.invokeStaticInit(java.lang.Object)'> (0x00000000a6199df8) 
thrown [s\open\src\hotspot\share\interpreter\linkResolver.cpp, line 759]

VM Operations (20 events):
Event: 0.406 Executing VM operation: HandshakeAllThreads
Event: 0.406 Executing VM operation: HandshakeAllThreads done
Event: 1.277 Executing VM operation: HandshakeAllThreads
Event: 1.278 Executing VM operation: HandshakeAllThreads done
Event: 1.278 Executing VM operation: Cleanup
Event: 1.278 Executing VM operation: Cleanup done
Event: 1.350 Executing VM operation: HandshakeAllThreads
Event: 1.350 Executing VM operation: HandshakeAllThreads done
Event: 1.516 Executing VM operation: G1CollectForAllocation
Event: 1.527 Executing VM operation: G1CollectForAllocation done
Event: 2.159 Executing VM operation: HandshakeAllThreads
Event: 2.159 Executing VM operation: HandshakeAllThreads done
Event: 2.200 Executing VM operation: HandshakeAllThreads
Event: 2.200 Executing VM operation: HandshakeAllThreads done
Event: 3.200 Executing VM operation: Cleanup
Event: 3.201 Executing VM operation: Cleanup done
Event: 4.206 Executing VM operation: Cleanup
Event: 4.206 Executing VM operation: Cleanup done
Event: 282.235 Executing VM operation: Cleanup
Event: 282.237 Executing VM operation: Cleanup done

Events (20 events):
Event: 0.387 Loaded shared library C:\Program Files\Java\jdk-18.0.2.1\bin\net.dll
Event: 0.393 Loaded shared library C:\Program Files\Java\jdk-18.0.2.1\bin\nio.dll
Event: 0.436 Thread 0x00000114b114e7e0 Thread added: 0x00000114b114e7e0
Event: 0.452 Loaded shared library C:\Program Files\Java\jdk-18.0.2.1\bin\zip.dll
Event: 0.489 Loaded shared library C:\Program Files\Java\jdk-18.0.2.1\bin\jimage.dll
Event: 0.539 Loaded shared library C:\Program Files\Java\jdk-18.0.2.1\bin\awt.dll
Event: 0.711 Thread 0x00000114b12fef10 Thread added: 0x00000114b12fef10
Event: 0.714 Thread 0x00000114b1305ea0 Thread added: 0x00000114b1305ea0
Event: 0.719 Thread 0x00000114b1308e20 Thread added: 0x00000114b1308e20
Event: 1.125 Thread 0x00000114b3dd5010 Thread added: 0x00000114b3dd5010
Event: 1.223 Loaded shared library C:\Program Files\Java\jdk-18.0.2.1\bin\javajpeg.dll
Event: 1.372 Thread 0x00000114b3e68110 Thread added: 0x00000114b3e68110
Event: 1.824 Thread 0x00000114b3fb4690 Thread added: 0x00000114b3fb4690
Event: 1.871 Loaded shared library C:\Program Files\Java\jdk-18.0.2.1\bin\freetype.dll
Event: 1.874 Loaded shared library C:\Program Files\Java\jdk-18.0.2.1\bin\fontmanager.dll
Event: 2.018 Thread 0x000001148ff2ebf0 Thread exited: 0x000001148ff2ebf0
Event: 2.018 Thread 0x000001148ff2ebf0 Thread added: 0x000001148ff2ebf0
Event: 2.036 Thread 0x00000114b107b410 Thread added: 0x00000114b107b410
Event: 6.810 Thread 0x00000114b3dd5010 Thread exited: 0x00000114b3dd5010
Event: 6.811 Thread 0x00000114b3e68110 Thread exited: 0x00000114b3e68110


Dynamic libraries:
0x00007ff749e80000 - 0x00007ff749e90000 	C:\Program Files\Java\jdk-18.0.2.1\bin\java.exe
0x00007ffb17af0000 - 0x00007ffb17d04000 	C:\WINDOWS\SYSTEM32\ntdll.dll
0x00007ffb16bd0000 - 0x00007ffb16c93000 	C:\WINDOWS\System32\KERNEL32.DLL
0x00007ffb150f0000 - 0x00007ffb1548d000 	C:\WINDOWS\System32\KERNELBASE.dll
0x00007ffb14f10000 - 0x00007ffb15021000 	C:\WINDOWS\System32\ucrtbase.dll
0x00007ffb0aa10000 - 0x00007ffb0aa28000 	C:\Program Files\Java\jdk-18.0.2.1\bin\jli.dll
0x00007ffaf4560000 - 0x00007ffaf457a000 	C:\Program Files\Java\jdk-18.0.2.1\bin\VCRUNTIME140.dll
0x00007ffb16f70000 - 0x00007ffb1701e000 	C:\WINDOWS\System32\ADVAPI32.dll
0x00007ffb17150000 - 0x00007ffb171f7000 	C:\WINDOWS\System32\msvcrt.dll
0x00007ffb16490000 - 0x00007ffb16534000 	C:\WINDOWS\System32\sechost.dll
0x00007ffb17030000 - 0x00007ffb17145000 	C:\WINDOWS\System32\RPCRT4.dll
0x00007ffb15cb0000 - 0x00007ffb15e5d000 	C:\WINDOWS\System32\USER32.dll
0x00007ffafcb30000 - 0x00007ffafcdbe000 	C:\WINDOWS\WinSxS\amd64_microsoft.windows.common-controls_6595b64144ccf1df_6.0.22621.608_none_a9444ca7c10bb01d\COMCTL32.dll
0x00007ffb15500000 - 0x00007ffb15526000 	C:\WINDOWS\System32\win32u.dll
0x00007ffb16730000 - 0x00007ffb16759000 	C:\WINDOWS\System32\GDI32.dll
0x00007ffb15650000 - 0x00007ffb15762000 	C:\WINDOWS\System32\gdi32full.dll
0x00007ffb15530000 - 0x00007ffb155ca000 	C:\WINDOWS\System32\msvcp_win.dll
0x00007ffb0d910000 - 0x00007ffb0d91a000 	C:\WINDOWS\SYSTEM32\VERSION.dll
0x00007ffb16f10000 - 0x00007ffb16f42000 	C:\WINDOWS\System32\IMM32.DLL
0x00007ffb0f5e0000 - 0x00007ffb0f5ec000 	C:\Program Files\Java\jdk-18.0.2.1\bin\vcruntime140_1.dll
0x00007ffada2c0000 - 0x00007ffada34d000 	C:\Program Files\Java\jdk-18.0.2.1\bin\msvcp140.dll
0x00007ffad57d0000 - 0x00007ffad63e1000 	C:\Program Files\Java\jdk-18.0.2.1\bin\server\jvm.dll
0x00007ffb15fe0000 - 0x00007ffb15fe8000 	C:\WINDOWS\System32\PSAPI.DLL
0x00007ffb0f950000 - 0x00007ffb0f959000 	C:\WINDOWS\SYSTEM32\WSOCK32.dll
0x00007ffb0e960000 - 0x00007ffb0e994000 	C:\WINDOWS\SYSTEM32\WINMM.dll
0x00007ffb16d00000 - 0x00007ffb16d71000 	C:\WINDOWS\System32\WS2_32.dll
0x00007ffb13f50000 - 0x00007ffb13f68000 	C:\WINDOWS\SYSTEM32\kernel.appcore.dll
0x00007ffb0d5d0000 - 0x00007ffb0d5da000 	C:\Program Files\Java\jdk-18.0.2.1\bin\jimage.dll
0x00007ffb12b70000 - 0x00007ffb12d9e000 	C:\WINDOWS\SYSTEM32\DBGHELP.DLL
0x00007ffb16840000 - 0x00007ffb16bca000 	C:\WINDOWS\System32\combase.dll
0x00007ffb16760000 - 0x00007ffb16837000 	C:\WINDOWS\System32\OLEAUT32.dll
0x00007ffb0b840000 - 0x00007ffb0b872000 	C:\WINDOWS\SYSTEM32\dbgcore.DLL
0x00007ffb155d0000 - 0x00007ffb1564b000 	C:\WINDOWS\System32\bcryptPrimitives.dll
0x00007ffaf2360000 - 0x00007ffaf2385000 	C:\Program Files\Java\jdk-18.0.2.1\bin\java.dll
0x00007ffad96f0000 - 0x00007ffad97c6000 	C:\Program Files\Java\jdk-18.0.2.1\bin\jsvml.dll
0x00007ffb17200000 - 0x00007ffb179ef000 	C:\WINDOWS\System32\SHELL32.dll
0x00007ffb12ef0000 - 0x00007ffb137b8000 	C:\WINDOWS\SYSTEM32\windows.storage.dll
0x00007ffb12db0000 - 0x00007ffb12eee000 	C:\WINDOWS\SYSTEM32\wintypes.dll
0x00007ffb15ee0000 - 0x00007ffb15fd1000 	C:\WINDOWS\System32\SHCORE.dll
0x00007ffb166d0000 - 0x00007ffb1672e000 	C:\WINDOWS\System32\shlwapi.dll
0x00007ffb14e40000 - 0x00007ffb14e61000 	C:\WINDOWS\SYSTEM32\profapi.dll
0x00007ffaf2310000 - 0x00007ffaf2323000 	C:\Program Files\Java\jdk-18.0.2.1\bin\net.dll
0x00007ffb0e5d0000 - 0x00007ffb0e6ff000 	C:\WINDOWS\SYSTEM32\WINHTTP.dll
0x00007ffb14440000 - 0x00007ffb144a9000 	C:\WINDOWS\system32\mswsock.dll
0x00007ffaf1640000 - 0x00007ffaf1656000 	C:\Program Files\Java\jdk-18.0.2.1\bin\nio.dll
0x00007ffaef5a0000 - 0x00007ffaef5b8000 	C:\Program Files\Java\jdk-18.0.2.1\bin\zip.dll
0x00007ffad7440000 - 0x00007ffad75cf000 	C:\Program Files\Java\jdk-18.0.2.1\bin\awt.dll
0x00007ffb12030000 - 0x00007ffb120c7000 	C:\WINDOWS\SYSTEM32\apphelp.dll
0x00007ffb12460000 - 0x00007ffb1248b000 	C:\WINDOWS\system32\DWMAPI.DLL
0x00007ffb121b0000 - 0x00007ffb1225b000 	C:\WINDOWS\system32\uxtheme.dll
0x00007ffaba170000 - 0x00007ffaba270000 	C:\WINDOWS\system32\opengl32.dll
0x00007ffad90e0000 - 0x00007ffad910d000 	C:\WINDOWS\SYSTEM32\GLU32.dll
0x00007ffb122e0000 - 0x00007ffb12316000 	C:\WINDOWS\SYSTEM32\dxcore.dll
0x00007ffb16560000 - 0x00007ffb1667e000 	C:\WINDOWS\System32\MSCTF.dll
0x00007ffb15b10000 - 0x00007ffb15cac000 	C:\WINDOWS\System32\ole32.dll
0x00007ffb07c30000 - 0x00007ffb07dd9000 	C:\WINDOWS\system32\d3d9.dll
0x00007ffb0ba50000 - 0x00007ffb0bc2b000 	C:\WINDOWS\System32\DriverStore\FileRepository\u0357645.inf_amd64_3c66802dbd4d45a0\B357435\aticfx64.dll
0x00007ffaf45c0000 - 0x00007ffaf45f3000 	C:\WINDOWS\System32\DriverStore\FileRepository\u0357645.inf_amd64_3c66802dbd4d45a0\B357435\atiu9p64.dll
0x00007ffa86b80000 - 0x00007ffa87816000 	C:\WINDOWS\System32\DriverStore\FileRepository\u0357645.inf_amd64_3c66802dbd4d45a0\B357435\atiumd64.dll
0x0000000052380000 - 0x00000000531fd000 	C:\WINDOWS\System32\DriverStore\FileRepository\u0357645.inf_amd64_3c66802dbd4d45a0\B357435\atiumd6a.dll
0x00007ffb14770000 - 0x00007ffb147bd000 	C:\WINDOWS\SYSTEM32\POWRPROF.dll
0x00007ffb14750000 - 0x00007ffb14763000 	C:\WINDOWS\SYSTEM32\UMPDC.dll
0x00007ffb08ad0000 - 0x00007ffb08aff000 	C:\WINDOWS\SYSTEM32\amdihk64.dll
0x00007ffb0d0e0000 - 0x00007ffb0d129000 	C:\WINDOWS\SYSTEM32\directxdatabasehelper.dll
0x00007ffae50d0000 - 0x00007ffae50fd000 	C:\Program Files\Java\jdk-18.0.2.1\bin\javajpeg.dll
0x00007ffad9660000 - 0x00007ffad96e6000 	C:\Program Files\Java\jdk-18.0.2.1\bin\freetype.dll
0x00007ffad95b0000 - 0x00007ffad9658000 	C:\Program Files\Java\jdk-18.0.2.1\bin\fontmanager.dll
0x00007ffb0b050000 - 0x00007ffb0b17d000 	C:\WINDOWS\SYSTEM32\textinputframework.dll
0x00007ffb11d50000 - 0x00007ffb11e83000 	C:\WINDOWS\SYSTEM32\CoreMessaging.dll
0x00007ffb09c40000 - 0x00007ffb09fac000 	C:\WINDOWS\SYSTEM32\CoreUIComponents.dll
0x00007ffb146b0000 - 0x00007ffb146bc000 	C:\WINDOWS\SYSTEM32\CRYPTBASE.DLL

dbghelp: loaded successfully - version: 4.0.5 - missing functions: none
symbol engine: initialized successfully - sym options: 0x614 - pdb path: .;C:\Program Files\Java\jdk-18.0.2.1\bin;C:\WINDOWS\SYSTEM32;C:\WINDOWS\WinSxS\amd64_microsoft.windows.common-controls_6595b64144ccf1df_6.0.22621.608_none_a9444ca7c10bb01d;C:\Program Files\Java\jdk-18.0.2.1\bin\server;C:\WINDOWS\System32\DriverStore\FileRepository\u0357645.inf_amd64_3c66802dbd4d45a0\B357435

VM Arguments:
jvm_args: -Dfile.encoding=UTF-8 --module-path=C:\Users\Ruthvik Bangera\Desktop\elec demo\Electricity-Billing-System\build\classes 
java_command: electricity.billing.system.Project
java_class_path (initial): C:\Users\Ruthvik Bangera\Downloads\rs2xml.jar;C:\Users\Ruthvik Bangera\Downloads\mysql-connector-java-8.0.28 (1).jar;C:\Users\Ruthvik Bangera\Desktop\elec demo\Electricity-Billing-System\build\classes
Launcher Type: SUN_STANDARD

[Global flags]
     intx CICompilerCount                          = 4                                         {product} {ergonomic}
     uint ConcGCThreads                            = 2                                         {product} {ergonomic}
     uint G1ConcRefinementThreads                  = 8                                         {product} {ergonomic}
   size_t G1HeapRegionSize                         = 1048576                                   {product} {ergonomic}
    uintx GCDrainStackTargetSize                   = 64                                        {product} {ergonomic}
   size_t InitialHeapSize                          = 100663296                                 {product} {ergonomic}
   size_t MarkStackSize                            = 4194304                                   {product} {ergonomic}
   size_t MaxHeapSize                              = 1595932672                                {product} {ergonomic}
   size_t MaxNewSize                               = 957349888                                 {product} {ergonomic}
   size_t MinHeapDeltaBytes                        = 1048576                                   {product} {ergonomic}
   size_t MinHeapSize                              = 8388608                                   {product} {ergonomic}
    uintx NonNMethodCodeHeapSize                   = 5839372                                {pd product} {ergonomic}
    uintx NonProfiledCodeHeapSize                  = 122909434                              {pd product} {ergonomic}
    uintx ProfiledCodeHeapSize                     = 122909434                              {pd product} {ergonomic}
    uintx ReservedCodeCacheSize                    = 251658240                              {pd product} {ergonomic}
     bool SegmentedCodeCache                       = true                                      {product} {ergonomic}
   size_t SoftMaxHeapSize                          = 1595932672                             {manageable} {ergonomic}
     bool UseCompressedClassPointers               = true                           {product lp64_product} {ergonomic}
     bool UseCompressedOops                        = true                           {product lp64_product} {ergonomic}
     bool UseG1GC                                  = true                                      {product} {ergonomic}
     bool UseLargePagesIndividualAllocation        = false                                  {pd product} {ergonomic}

Logging:
Log output configuration:
 #0: stdout all=warning uptime,level,tags foldmultilines=false
 #1: stderr all=off uptime,level,tags foldmultilines=false

Environment Variables:
PATH=C:\Program Files\Common Files\Oracle\Java\javapath;C:\Windows\system32;C:\Windows;C:\Windows\System32\Wbem;C:\Windows\System32\WindowsPowerShell\v1.0\;C:\Windows\System32\OpenSSH\;C:\Program Files (x86)\NVIDIA Corporation\PhysX\Common;C:\Program Files\NVIDIA Corporation\NVIDIA NvDLISR;C:\Program Files (x86)\Windows Kits\8.1\Windows Performance Toolkit\;C:\Program Files\MATLAB\R2021b\runtime\win64;C:\Program Files\MATLAB\R2021b\bin;C:\WINDOWS\system32;C:\WINDOWS;C:\WINDOWS\System32\Wbem;C:\WINDOWS\System32\WindowsPowerShell\v1.0\;C:\WINDOWS\System32\OpenSSH\;C:\Program Files\Git\cmd;C:\Program Files\MySQL\MySQL Shell 8.0\bin\;C:\Users\Ruthvik Bangera\AppData\Local\Microsoft\WindowsApps;;C:\Users\Ruthvik Bangera\AppData\Local\Programs\Microsoft VS Code\bin
USERNAME=Ruthvik Bangera
OS=Windows_NT
PROCESSOR_IDENTIFIER=AMD64 Family 23 Model 24 Stepping 1, AuthenticAMD



---------------  S Y S T E M  ---------------

OS:
 Windows 11 , 64 bit Build 22621 (10.0.22621.963)
OS uptime: 16 days 16:30 hours
Hyper-V role detected

CPU: total 8 (initial active 8) (8 cores per cpu, 2 threads per core) family 23 model 24 stepping 1 microcode 0x0, cx8, cmov, fxsr, ht, mmx, 3dnowpref, sse, sse2, sse3, ssse3, sse4a, sse4.1, sse4.2, popcnt, lzcnt, tsc, tscinvbit, avx, avx2, aes, clmul, bmi1, bmi2, adx, sha, fma, vzeroupper, clflush, clflushopt, hv

Memory: 4k page, system-wide physical 6081M (198M free)
TotalPageFile size 24513M (AvailPageFile size 0M)
current process WorkingSet (physical memory assigned to process): 150M, peak: 150M
current process commit charge ("private bytes"): 247M, peak: 250M

vm_info: Java HotSpot(TM) 64-Bit Server VM (18.0.2.1+1-1) for windows-amd64 JRE (18.0.2.1+1-1), built on Aug 16 2022 01:46:33 by "mach5one" with MS VC++ 16.8 / 16.9 (VS2019)

END.
