#
# There is insufficient memory for the Java Runtime Environment to continue.
# Native memory allocation (malloc) failed to allocate 1491616 bytes for Chunk::new
# Possible reasons:
#   The system is out of physical RAM or swap space
#   The process is running with CompressedOops enabled, and the Java Heap may be blocking the growth of the native heap
# Possible solutions:
#   Reduce memory load on the system
#   Increase physical memory or swap space
#   Check if swap backing store is full
#   Decrease Java heap size (-Xmx/-Xms)
#   Decrease number of Java threads
#   Decrease Java thread stack sizes (-Xss)
#   Set larger code cache with -XX:ReservedCodeCacheSize=
#   JVM is running with Unscaled Compressed Oops mode in which the Java heap is
#     placed in the first 4GB address space. The Java Heap base address is the
#     maximum limit for the native heap growth. Please use -XX:HeapBaseMinAddress
#     to set the Java Heap base and to place the Java Heap above 4GB virtual address.
# This output file may be truncated or incomplete.
#
#  Out of Memory Error (arena.cpp:184), pid=27004, tid=20584
#
# JRE version: Java(TM) SE Runtime Environment (18.0.2.1+1) (build 18.0.2.1+1-1)
# Java VM: Java HotSpot(TM) 64-Bit Server VM (18.0.2.1+1-1, mixed mode, sharing, tiered, compressed oops, compressed class ptrs, g1 gc, windows-amd64)
# No core dump will be written. Minidumps are not enabled by default on client versions of Windows
#

---------------  S U M M A R Y ------------

Command Line: -Dfile.encoding=UTF-8 --module-path=C:\Users\Ruthvik Bangera\Desktop\elec demo\Electricity-Billing-System\build\classes electricity.billing.system.Project

Host: AMD Ryzen 5 3550H with Radeon Vega Mobile Gfx  , 8 cores, 5G,  Windows 11 , 64 bit Build 22621 (10.0.22621.963)
Time: Tue Jan 17 20:14:35 2023 India Standard Time elapsed time: 1.855034 seconds (0d 0h 0m 1s)

---------------  T H R E A D  ---------------

Current thread (0x000001dce3e037b0):  JavaThread "C2 CompilerThread1" daemon [_thread_in_native, id=20584, stack(0x00000070e6a00000,0x00000070e6b00000)]


Current CompileTask:
C2:   1855  786   !   4       sun.awt.image.PNGImageDecoder::produceImage (1917 bytes)

Stack: [0x00000070e6a00000,0x00000070e6b00000]
Native frames: (J=compiled Java code, j=interpreted, Vv=VM code, C=native code)
V  [jvm.dll+0x6993aa]
V  [jvm.dll+0x7f46dd]
V  [jvm.dll+0x7f5fee]
V  [jvm.dll+0x7f66a3]
V  [jvm.dll+0x25cf1f]
V  [jvm.dll+0xb8c2f]
V  [jvm.dll+0xb8fa5]
V  [jvm.dll+0x3860cb]
V  [jvm.dll+0x1d2d58]
V  [jvm.dll+0x230259]
V  [jvm.dll+0x22f4d1]
V  [jvm.dll+0x1ba01c]
V  [jvm.dll+0x23ee0a]
V  [jvm.dll+0x23d0f5]
V  [jvm.dll+0x7a6dd1]
V  [jvm.dll+0x7a120a]
V  [jvm.dll+0x698255]
C  [ucrtbase.dll+0x29363]
C  [KERNEL32.DLL+0x126bd]
C  [ntdll.dll+0x5dfb8]


---------------  P R O C E S S  ---------------

Threads class SMR info:
_java_thread_list=0x000001dcdf033230, length=20, elements={
0x000001dcdabbf210, 0x000001dcdabbfac0, 0x000001dcdabdb920, 0x000001dcdabdc1d0,
0x000001dcdabdce90, 0x000001dcdabdd950, 0x000001dcdabe1a30, 0x000001dcdabea740,
0x000001dcdabfb7f0, 0x000001dcdf07afb0, 0x000001dcdf121d20, 0x000001dcdf2d0d10,
0x000001dcdf2d8270, 0x000001dce3dbd4b0, 0x000001dce3e39400, 0x000001dce3e037b0,
0x000001dce5c48980, 0x000001dce5c46300, 0x000001dce5c484b0, 0x000001dce5c45960
}

Java Threads: ( => current thread )
  0x000001dcdabbf210 JavaThread "Reference Handler" daemon [_thread_blocked, id=28248, stack(0x00000070e5100000,0x00000070e5200000)]
  0x000001dcdabbfac0 JavaThread "Finalizer" daemon [_thread_blocked, id=5116, stack(0x00000070e5200000,0x00000070e5300000)]
  0x000001dcdabdb920 JavaThread "Signal Dispatcher" daemon [_thread_blocked, id=21876, stack(0x00000070e5300000,0x00000070e5400000)]
  0x000001dcdabdc1d0 JavaThread "Attach Listener" daemon [_thread_blocked, id=3500, stack(0x00000070e5400000,0x00000070e5500000)]
  0x000001dcdabdce90 JavaThread "Service Thread" daemon [_thread_blocked, id=14676, stack(0x00000070e5500000,0x00000070e5600000)]
  0x000001dcdabdd950 JavaThread "Monitor Deflation Thread" daemon [_thread_blocked, id=27772, stack(0x00000070e5600000,0x00000070e5700000)]
  0x000001dcdabe1a30 JavaThread "C2 CompilerThread0" daemon [_thread_blocked, id=20596, stack(0x00000070e5700000,0x00000070e5800000)]
  0x000001dcdabea740 JavaThread "C1 CompilerThread0" daemon [_thread_blocked, id=26592, stack(0x00000070e5800000,0x00000070e5900000)]
  0x000001dcdabfb7f0 JavaThread "Sweeper thread" daemon [_thread_blocked, id=23624, stack(0x00000070e5900000,0x00000070e5a00000)]
  0x000001dcdf07afb0 JavaThread "Common-Cleaner" daemon [_thread_blocked, id=17448, stack(0x00000070e5a00000,0x00000070e5b00000)]
  0x000001dcdf121d20 JavaThread "Notification Thread" daemon [_thread_blocked, id=2368, stack(0x00000070e5b00000,0x00000070e5c00000)]
  0x000001dcdf2d0d10 JavaThread "Java2D Disposer" daemon [_thread_blocked, id=27800, stack(0x00000070e5d00000,0x00000070e5e00000)]
  0x000001dcdf2d8270 JavaThread "AWT-Windows" daemon [_thread_in_native, id=27900, stack(0x00000070e5f00000,0x00000070e6000000)]
  0x000001dce3dbd4b0 JavaThread "Image Fetcher 0" daemon [_thread_blocked, id=24336, stack(0x00000070e6800000,0x00000070e6900000)]
  0x000001dce3e39400 JavaThread "Image Fetcher 1" daemon [_thread_blocked, id=2660, stack(0x00000070e6900000,0x00000070e6a00000)]
=>0x000001dce3e037b0 JavaThread "C2 CompilerThread1" daemon [_thread_in_native, id=20584, stack(0x00000070e6a00000,0x00000070e6b00000)]
  0x000001dce5c48980 JavaThread "AWT-Shutdown" [_thread_blocked, id=23260, stack(0x00000070e5e00000,0x00000070e5f00000)]
  0x000001dce5c46300 JavaThread "AWT-EventQueue-0" [_thread_blocked, id=12624, stack(0x00000070e7200000,0x00000070e7300000)]
  0x000001dce5c484b0 JavaThread "DestroyJavaVM" [_thread_blocked, id=6132, stack(0x00000070e4a00000,0x00000070e4b00000)]
  0x000001dce5c45960 JavaThread "D3D Screen Updater" daemon [_thread_in_native, id=24000, stack(0x00000070e7300000,0x00000070e7400000)]

Other Threads:
  0x000001dcdabb9a80 VMThread "VM Thread" [stack: 0x00000070e5000000,0x00000070e5100000] [id=19832]
  0x000001dcdf13b0f0 WatcherThread "VM Periodic Task Thread" [stack: 0x00000070e5c00000,0x00000070e5d00000] [id=8136]
  0x000001dcbdd4f1a0 WorkerThread "GC Thread#0" [stack: 0x00000070e4b00000,0x00000070e4c00000] [id=18488]
  0x000001dce3f7a710 WorkerThread "GC Thread#1" [stack: 0x00000070e6b00000,0x00000070e6c00000] [id=20192]
  0x000001dce3e03260 WorkerThread "GC Thread#2" [stack: 0x00000070e6c00000,0x00000070e6d00000] [id=27748]
  0x000001dce3e03500 WorkerThread "GC Thread#3" [stack: 0x00000070e6d00000,0x00000070e6e00000] [id=27244]
  0x000001dce3f6f7e0 WorkerThread "GC Thread#4" [stack: 0x00000070e6e00000,0x00000070e6f00000] [id=28408]
  0x000001dce43255c0 WorkerThread "GC Thread#5" [stack: 0x00000070e6f00000,0x00000070e7000000] [id=7280]
  0x000001dce40fd750 WorkerThread "GC Thread#6" [stack: 0x00000070e7000000,0x00000070e7100000] [id=9800]
  0x000001dce40fd9f0 WorkerThread "GC Thread#7" [stack: 0x00000070e7100000,0x00000070e7200000] [id=22584]
  0x000001dcbdd5cf80 ConcurrentGCThread "G1 Main Marker" [stack: 0x00000070e4c00000,0x00000070e4d00000] [id=12660]
  0x000001dcbdd5e010 WorkerThread "G1 Conc#0" [stack: 0x00000070e4d00000,0x00000070e4e00000] [id=14292]
  0x000001dcbdda3e90 ConcurrentGCThread "G1 Refine#0" [stack: 0x00000070e4e00000,0x00000070e4f00000] [id=3016]
  0x000001dcbdda5650 ConcurrentGCThread "G1 Service" [stack: 0x00000070e4f00000,0x00000070e5000000] [id=14224]

Threads with active compile tasks:
C2 CompilerThread1     1906  786   !   4       sun.awt.image.PNGImageDecoder::produceImage (1917 bytes)

VM state: not at safepoint (normal execution)

VM Mutex/Monitor currently owned by a thread: None

Heap address: 0x00000000a0e00000, size: 1522 MB, Compressed Oops mode: 32-bit

CDS archive(s) mapped at: [0x0000000800000000-0x0000000800ba0000-0x0000000800ba0000), size 12189696, SharedBaseAddress: 0x0000000800000000, ArchiveRelocationMode: 0.
Compressed class space mapped at: 0x0000000800c00000-0x0000000840c00000, reserved size: 1073741824
Narrow klass base: 0x0000000800000000, Narrow klass shift: 0, Narrow klass range: 0x100000000

GC Precious Log:
 CardTable entry size: 512
 Card Set container configuration: InlinePtr #cards 5 size 8 Array Of Cards #cards 12 size 40 Howl #buckets 4 coarsen threshold 1843 Howl Bitmap #cards 512 size 80 coarsen threshold 460 Card regions per heap region 1 cards per card region 2048
 CPUs: 8 total, 8 available
 Memory: 6081M
 Large Page Support: Disabled
 NUMA Support: Disabled
 Compressed Oops: Enabled (32-bit)
 Heap Region Size: 1M
 Heap Min Capacity: 8M
 Heap Initial Capacity: 96M
 Heap Max Capacity: 1522M
 Pre-touch: Disabled
 Parallel Workers: 8
 Concurrent Workers: 2
 Concurrent Refinement Workers: 8
 Periodic GC: Disabled

Heap:
 garbage-first heap   total 98304K, used 55376K [0x00000000a0e00000, 0x0000000100000000)
  region size 1024K, 23 young (23552K), 3 survivors (3072K)
 Metaspace       used 7249K, committed 7424K, reserved 1114112K
  class space    used 779K, committed 896K, reserved 1048576K

Heap Regions: E=young(eden), S=young(survivor), O=old, HS=humongous(starts), HC=humongous(continues), CS=collection set, F=free, OA=open archive, CA=closed archive, TAMS=top-at-mark-start (previous, next)
|   0|0x00000000a0e00000, 0x00000000a0f00000, 0x00000000a0f00000|100%|HS|  |TAMS 0x00000000a0e00000, 0x00000000a0e00000| Complete 
|   1|0x00000000a0f00000, 0x00000000a1000000, 0x00000000a1000000|100%|HS|  |TAMS 0x00000000a0f00000, 0x00000000a0f00000| Complete 
|   2|0x00000000a1000000, 0x00000000a1100000, 0x00000000a1100000|100%|HC|  |TAMS 0x00000000a1000000, 0x00000000a1000000| Complete 
|   3|0x00000000a1100000, 0x00000000a1200000, 0x00000000a1200000|100%|HC|  |TAMS 0x00000000a1100000, 0x00000000a1100000| Complete 
|   4|0x00000000a1200000, 0x00000000a1300000, 0x00000000a1300000|100%|HC|  |TAMS 0x00000000a1200000, 0x00000000a1200000| Complete 
|   5|0x00000000a1300000, 0x00000000a1400000, 0x00000000a1400000|100%|HC|  |TAMS 0x00000000a1300000, 0x00000000a1300000| Complete 
|   6|0x00000000a1400000, 0x00000000a1500000, 0x00000000a1500000|100%|HC|  |TAMS 0x00000000a1400000, 0x00000000a1400000| Complete 
|   7|0x00000000a1500000, 0x00000000a1600000, 0x00000000a1600000|100%|HS|  |TAMS 0x00000000a1500000, 0x00000000a1500000| Complete 
|   8|0x00000000a1600000, 0x00000000a1700000, 0x00000000a1700000|100%|HC|  |TAMS 0x00000000a1600000, 0x00000000a1600000| Complete 
|   9|0x00000000a1700000, 0x00000000a1800000, 0x00000000a1800000|100%|HS|  |TAMS 0x00000000a1700000, 0x00000000a1700000| Complete 
|  10|0x00000000a1800000, 0x00000000a1900000, 0x00000000a1900000|100%|HC|  |TAMS 0x00000000a1800000, 0x00000000a1800000| Complete 
|  11|0x00000000a1900000, 0x00000000a1a00000, 0x00000000a1a00000|100%|HC|  |TAMS 0x00000000a1900000, 0x00000000a1900000| Complete 
|  12|0x00000000a1a00000, 0x00000000a1b00000, 0x00000000a1b00000|100%|HC|  |TAMS 0x00000000a1a00000, 0x00000000a1a00000| Complete 
|  13|0x00000000a1b00000, 0x00000000a1c00000, 0x00000000a1c00000|100%|HC|  |TAMS 0x00000000a1b00000, 0x00000000a1b00000| Complete 
|  14|0x00000000a1c00000, 0x00000000a1d00000, 0x00000000a1d00000|100%|HC|  |TAMS 0x00000000a1c00000, 0x00000000a1c00000| Complete 
|  15|0x00000000a1d00000, 0x00000000a1e00000, 0x00000000a1e00000|100%|HC|  |TAMS 0x00000000a1d00000, 0x00000000a1d00000| Complete 
|  16|0x00000000a1e00000, 0x00000000a1f00000, 0x00000000a1f00000|100%|HC|  |TAMS 0x00000000a1e00000, 0x00000000a1e00000| Complete 
|  17|0x00000000a1f00000, 0x00000000a2000000, 0x00000000a2000000|100%|HC|  |TAMS 0x00000000a1f00000, 0x00000000a1f00000| Complete 
|  18|0x00000000a2000000, 0x00000000a2100000, 0x00000000a2100000|100%|HC|  |TAMS 0x00000000a2000000, 0x00000000a2000000| Complete 
|  19|0x00000000a2100000, 0x00000000a2200000, 0x00000000a2200000|100%|HC|  |TAMS 0x00000000a2100000, 0x00000000a2100000| Complete 
|  20|0x00000000a2200000, 0x00000000a2300000, 0x00000000a2300000|100%|HC|  |TAMS 0x00000000a2200000, 0x00000000a2200000| Complete 
|  21|0x00000000a2300000, 0x00000000a2400000, 0x00000000a2400000|100%|HC|  |TAMS 0x00000000a2300000, 0x00000000a2300000| Complete 
|  22|0x00000000a2400000, 0x00000000a2500000, 0x00000000a2500000|100%|HC|  |TAMS 0x00000000a2400000, 0x00000000a2400000| Complete 
|  23|0x00000000a2500000, 0x00000000a2600000, 0x00000000a2600000|100%|HC|  |TAMS 0x00000000a2500000, 0x00000000a2500000| Complete 
|  24|0x00000000a2600000, 0x00000000a2700000, 0x00000000a2700000|100%|HC|  |TAMS 0x00000000a2600000, 0x00000000a2600000| Complete 
|  25|0x00000000a2700000, 0x00000000a2800000, 0x00000000a2800000|100%|HC|  |TAMS 0x00000000a2700000, 0x00000000a2700000| Complete 
|  26|0x00000000a2800000, 0x00000000a2814000, 0x00000000a2900000|  7%| O|  |TAMS 0x00000000a2800000, 0x00000000a2800000| Untracked 
|  27|0x00000000a2900000, 0x00000000a2a00000, 0x00000000a2a00000|100%|HS|  |TAMS 0x00000000a2900000, 0x00000000a2900000| Complete 
|  28|0x00000000a2a00000, 0x00000000a2b00000, 0x00000000a2b00000|100%|HC|  |TAMS 0x00000000a2a00000, 0x00000000a2a00000| Complete 
|  29|0x00000000a2b00000, 0x00000000a2c00000, 0x00000000a2c00000|100%|HC|  |TAMS 0x00000000a2b00000, 0x00000000a2b00000| Complete 
|  30|0x00000000a2c00000, 0x00000000a2d00000, 0x00000000a2d00000|100%|HS|  |TAMS 0x00000000a2c00000, 0x00000000a2c00000| Complete 
|  31|0x00000000a2d00000, 0x00000000a2e00000, 0x00000000a2e00000|100%|HC|  |TAMS 0x00000000a2d00000, 0x00000000a2d00000| Complete 
|  32|0x00000000a2e00000, 0x00000000a2f00000, 0x00000000a2f00000|100%|HS|  |TAMS 0x00000000a2e00000, 0x00000000a2e00000| Complete 
|  33|0x00000000a2f00000, 0x00000000a3000000, 0x00000000a3000000|100%|HC|  |TAMS 0x00000000a2f00000, 0x00000000a2f00000| Complete 
|  34|0x00000000a3000000, 0x00000000a3000000, 0x00000000a3100000|  0%| F|  |TAMS 0x00000000a3000000, 0x00000000a3000000| Untracked 
|  35|0x00000000a3100000, 0x00000000a3100000, 0x00000000a3200000|  0%| F|  |TAMS 0x00000000a3100000, 0x00000000a3100000| Untracked 
|  36|0x00000000a3200000, 0x00000000a3200000, 0x00000000a3300000|  0%| F|  |TAMS 0x00000000a3200000, 0x00000000a3200000| Untracked 
|  37|0x00000000a3300000, 0x00000000a3300000, 0x00000000a3400000|  0%| F|  |TAMS 0x00000000a3300000, 0x00000000a3300000| Untracked 
|  38|0x00000000a3400000, 0x00000000a3400000, 0x00000000a3500000|  0%| F|  |TAMS 0x00000000a3400000, 0x00000000a3400000| Untracked 
|  39|0x00000000a3500000, 0x00000000a3500000, 0x00000000a3600000|  0%| F|  |TAMS 0x00000000a3500000, 0x00000000a3500000| Untracked 
|  40|0x00000000a3600000, 0x00000000a3600000, 0x00000000a3700000|  0%| F|  |TAMS 0x00000000a3600000, 0x00000000a3600000| Untracked 
|  41|0x00000000a3700000, 0x00000000a3700000, 0x00000000a3800000|  0%| F|  |TAMS 0x00000000a3700000, 0x00000000a3700000| Untracked 
|  42|0x00000000a3800000, 0x00000000a3800000, 0x00000000a3900000|  0%| F|  |TAMS 0x00000000a3800000, 0x00000000a3800000| Untracked 
|  43|0x00000000a3900000, 0x00000000a3900000, 0x00000000a3a00000|  0%| F|  |TAMS 0x00000000a3900000, 0x00000000a3900000| Untracked 
|  44|0x00000000a3a00000, 0x00000000a3a00000, 0x00000000a3b00000|  0%| F|  |TAMS 0x00000000a3a00000, 0x00000000a3a00000| Untracked 
|  45|0x00000000a3b00000, 0x00000000a3b00000, 0x00000000a3c00000|  0%| F|  |TAMS 0x00000000a3b00000, 0x00000000a3b00000| Untracked 
|  46|0x00000000a3c00000, 0x00000000a3c00000, 0x00000000a3d00000|  0%| F|  |TAMS 0x00000000a3c00000, 0x00000000a3c00000| Untracked 
|  47|0x00000000a3d00000, 0x00000000a3d00000, 0x00000000a3e00000|  0%| F|  |TAMS 0x00000000a3d00000, 0x00000000a3d00000| Untracked 
|  48|0x00000000a3e00000, 0x00000000a3e00000, 0x00000000a3f00000|  0%| F|  |TAMS 0x00000000a3e00000, 0x00000000a3e00000| Untracked 
|  49|0x00000000a3f00000, 0x00000000a3f00000, 0x00000000a4000000|  0%| F|  |TAMS 0x00000000a3f00000, 0x00000000a3f00000| Untracked 
|  50|0x00000000a4000000, 0x00000000a4000000, 0x00000000a4100000|  0%| F|  |TAMS 0x00000000a4000000, 0x00000000a4000000| Untracked 
|  51|0x00000000a4100000, 0x00000000a4100000, 0x00000000a4200000|  0%| F|  |TAMS 0x00000000a4100000, 0x00000000a4100000| Untracked 
|  52|0x00000000a4200000, 0x00000000a4200000, 0x00000000a4300000|  0%| F|  |TAMS 0x00000000a4200000, 0x00000000a4200000| Untracked 
|  53|0x00000000a4300000, 0x00000000a4300000, 0x00000000a4400000|  0%| F|  |TAMS 0x00000000a4300000, 0x00000000a4300000| Untracked 
|  54|0x00000000a4400000, 0x00000000a4400000, 0x00000000a4500000|  0%| F|  |TAMS 0x00000000a4400000, 0x00000000a4400000| Untracked 
|  55|0x00000000a4500000, 0x00000000a4500000, 0x00000000a4600000|  0%| F|  |TAMS 0x00000000a4500000, 0x00000000a4500000| Untracked 
|  56|0x00000000a4600000, 0x00000000a4600000, 0x00000000a4700000|  0%| F|  |TAMS 0x00000000a4600000, 0x00000000a4600000| Untracked 
|  57|0x00000000a4700000, 0x00000000a4700000, 0x00000000a4800000|  0%| F|  |TAMS 0x00000000a4700000, 0x00000000a4700000| Untracked 
|  58|0x00000000a4800000, 0x00000000a4800000, 0x00000000a4900000|  0%| F|  |TAMS 0x00000000a4800000, 0x00000000a4800000| Untracked 
|  59|0x00000000a4900000, 0x00000000a4900000, 0x00000000a4a00000|  0%| F|  |TAMS 0x00000000a4900000, 0x00000000a4900000| Untracked 
|  60|0x00000000a4a00000, 0x00000000a4a00000, 0x00000000a4b00000|  0%| F|  |TAMS 0x00000000a4a00000, 0x00000000a4a00000| Untracked 
|  61|0x00000000a4b00000, 0x00000000a4b00000, 0x00000000a4c00000|  0%| F|  |TAMS 0x00000000a4b00000, 0x00000000a4b00000| Untracked 
|  62|0x00000000a4c00000, 0x00000000a4c00000, 0x00000000a4d00000|  0%| F|  |TAMS 0x00000000a4c00000, 0x00000000a4c00000| Untracked 
|  63|0x00000000a4d00000, 0x00000000a4d00000, 0x00000000a4e00000|  0%| F|  |TAMS 0x00000000a4d00000, 0x00000000a4d00000| Untracked 
|  64|0x00000000a4e00000, 0x00000000a4e00000, 0x00000000a4f00000|  0%| F|  |TAMS 0x00000000a4e00000, 0x00000000a4e00000| Untracked 
|  65|0x00000000a4f00000, 0x00000000a4f00000, 0x00000000a5000000|  0%| F|  |TAMS 0x00000000a4f00000, 0x00000000a4f00000| Untracked 
|  66|0x00000000a5000000, 0x00000000a5000000, 0x00000000a5100000|  0%| F|  |TAMS 0x00000000a5000000, 0x00000000a5000000| Untracked 
|  67|0x00000000a5100000, 0x00000000a5100000, 0x00000000a5200000|  0%| F|  |TAMS 0x00000000a5100000, 0x00000000a5100000| Untracked 
|  68|0x00000000a5200000, 0x00000000a5200000, 0x00000000a5300000|  0%| F|  |TAMS 0x00000000a5200000, 0x00000000a5200000| Untracked 
|  69|0x00000000a5300000, 0x00000000a5300000, 0x00000000a5400000|  0%| F|  |TAMS 0x00000000a5300000, 0x00000000a5300000| Untracked 
|  70|0x00000000a5400000, 0x00000000a5500000, 0x00000000a5500000|100%| S|CS|TAMS 0x00000000a5400000, 0x00000000a5400000| Complete 
|  71|0x00000000a5500000, 0x00000000a5600000, 0x00000000a5600000|100%| S|CS|TAMS 0x00000000a5500000, 0x00000000a5500000| Complete 
|  72|0x00000000a5600000, 0x00000000a5700000, 0x00000000a5700000|100%| S|CS|TAMS 0x00000000a5600000, 0x00000000a5600000| Complete 
|  73|0x00000000a5700000, 0x00000000a5700000, 0x00000000a5800000|  0%| F|  |TAMS 0x00000000a5700000, 0x00000000a5700000| Untracked 
|  74|0x00000000a5800000, 0x00000000a5800000, 0x00000000a5900000|  0%| F|  |TAMS 0x00000000a5800000, 0x00000000a5800000| Untracked 
|  75|0x00000000a5900000, 0x00000000a5900000, 0x00000000a5a00000|  0%| F|  |TAMS 0x00000000a5900000, 0x00000000a5900000| Untracked 
|  76|0x00000000a5a00000, 0x00000000a5b00000, 0x00000000a5b00000|100%| E|  |TAMS 0x00000000a5a00000, 0x00000000a5a00000| Complete 
|  77|0x00000000a5b00000, 0x00000000a5c00000, 0x00000000a5c00000|100%| E|CS|TAMS 0x00000000a5b00000, 0x00000000a5b00000| Complete 
|  78|0x00000000a5c00000, 0x00000000a5d00000, 0x00000000a5d00000|100%| E|  |TAMS 0x00000000a5c00000, 0x00000000a5c00000| Complete 
|  79|0x00000000a5d00000, 0x00000000a5e00000, 0x00000000a5e00000|100%| E|CS|TAMS 0x00000000a5d00000, 0x00000000a5d00000| Complete 
|  80|0x00000000a5e00000, 0x00000000a5f00000, 0x00000000a5f00000|100%| E|CS|TAMS 0x00000000a5e00000, 0x00000000a5e00000| Complete 
|  81|0x00000000a5f00000, 0x00000000a6000000, 0x00000000a6000000|100%| E|CS|TAMS 0x00000000a5f00000, 0x00000000a5f00000| Complete 
|  82|0x00000000a6000000, 0x00000000a6100000, 0x00000000a6100000|100%| E|CS|TAMS 0x00000000a6000000, 0x00000000a6000000| Complete 
|  83|0x00000000a6100000, 0x00000000a6200000, 0x00000000a6200000|100%| E|CS|TAMS 0x00000000a6100000, 0x00000000a6100000| Complete 
|  84|0x00000000a6200000, 0x00000000a6300000, 0x00000000a6300000|100%| E|CS|TAMS 0x00000000a6200000, 0x00000000a6200000| Complete 
|  85|0x00000000a6300000, 0x00000000a6400000, 0x00000000a6400000|100%| E|CS|TAMS 0x00000000a6300000, 0x00000000a6300000| Complete 
|  86|0x00000000a6400000, 0x00000000a6500000, 0x00000000a6500000|100%| E|CS|TAMS 0x00000000a6400000, 0x00000000a6400000| Complete 
|  87|0x00000000a6500000, 0x00000000a6600000, 0x00000000a6600000|100%| E|CS|TAMS 0x00000000a6500000, 0x00000000a6500000| Complete 
|  88|0x00000000a6600000, 0x00000000a6700000, 0x00000000a6700000|100%| E|CS|TAMS 0x00000000a6600000, 0x00000000a6600000| Complete 
|  89|0x00000000a6700000, 0x00000000a6800000, 0x00000000a6800000|100%| E|CS|TAMS 0x00000000a6700000, 0x00000000a6700000| Complete 
|  90|0x00000000a6800000, 0x00000000a6900000, 0x00000000a6900000|100%| E|CS|TAMS 0x00000000a6800000, 0x00000000a6800000| Complete 
|  91|0x00000000a6900000, 0x00000000a6a00000, 0x00000000a6a00000|100%| E|CS|TAMS 0x00000000a6900000, 0x00000000a6900000| Complete 
|  92|0x00000000a6a00000, 0x00000000a6b00000, 0x00000000a6b00000|100%| E|CS|TAMS 0x00000000a6a00000, 0x00000000a6a00000| Complete 
|  93|0x00000000a6b00000, 0x00000000a6c00000, 0x00000000a6c00000|100%| E|CS|TAMS 0x00000000a6b00000, 0x00000000a6b00000| Complete 
|  94|0x00000000a6c00000, 0x00000000a6d00000, 0x00000000a6d00000|100%| E|CS|TAMS 0x00000000a6c00000, 0x00000000a6c00000| Complete 
|  95|0x00000000a6d00000, 0x00000000a6e00000, 0x00000000a6e00000|100%| E|CS|TAMS 0x00000000a6d00000, 0x00000000a6d00000| Complete 

Card table byte_map: [0x000001dcd4c60000,0x000001dcd4f60000] _byte_map_base: 0x000001dcd4759000

Marking Bits (Prev, Next): (CMBitMap*) 0x000001dcbdd4f6a0, (CMBitMap*) 0x000001dcbdd4f6e0
 Prev Bits: [0x000001dcd5260000, 0x000001dcd6a28000)
 Next Bits: [0x000001dcd6a30000, 0x000001dcd81f8000)

Polling page: 0x000001dcbd4c0000

Metaspace:

Usage:
  Non-class:      6.32 MB used.
      Class:    779.88 KB used.
       Both:      7.08 MB used.

Virtual space:
  Non-class space:       64.00 MB reserved,       6.38 MB ( 10%) committed,  1 nodes.
      Class space:        1.00 GB reserved,     896.00 KB ( <1%) committed,  1 nodes.
             Both:        1.06 GB reserved,       7.25 MB ( <1%) committed. 

Chunk freelists:
   Non-Class:  1.00 MB
       Class:  3.12 MB
        Both:  4.12 MB

MaxMetaspaceSize: unlimited
CompressedClassSpaceSize: 1.00 GB
Initial GC threshold: 21.00 MB
Current GC threshold: 21.00 MB
CDS: on
MetaspaceReclaimPolicy: balanced
 - commit_granule_bytes: 65536.
 - commit_granule_words: 8192.
 - virtual_space_node_default_size: 8388608.
 - enlarge_chunks_in_place: 1.
 - new_chunks_are_fully_committed: 0.
 - uncommit_free_chunks: 1.
 - use_allocation_guard: 0.


Internal statistics:

num_allocs_failed_limit: 0.
num_arena_births: 126.
num_arena_deaths: 0.
num_vsnodes_births: 2.
num_vsnodes_deaths: 0.
num_space_committed: 116.
num_space_uncommitted: 0.
num_chunks_returned_to_freelist: 0.
num_chunks_taken_from_freelist: 181.
num_chunk_merges: 0.
num_chunk_splits: 95.
num_chunks_enlarged: 23.
num_inconsistent_stats: 0.

CodeHeap 'non-profiled nmethods': size=120000Kb used=447Kb max_used=447Kb free=119552Kb
 bounds [0x000001dccd100000, 0x000001dccd370000, 0x000001dcd4630000]
CodeHeap 'profiled nmethods': size=120000Kb used=1600Kb max_used=1600Kb free=118399Kb
 bounds [0x000001dcc5bd0000, 0x000001dcc5e40000, 0x000001dccd100000]
CodeHeap 'non-nmethods': size=5760Kb used=1279Kb max_used=1294Kb free=4480Kb
 bounds [0x000001dcc5630000, 0x000001dcc58a0000, 0x000001dcc5bd0000]
 total_blobs=1614 nmethods=1019 adapters=508
 compilation: enabled
              stopped_count=0, restarted_count=0
 full_count=0

Compilation events (20 events):
Event: 1.824 Thread 0x000001dcdabea740  977       1       java.util.concurrent.locks.AbstractQueuedSynchronizer::setState (6 bytes)
Event: 1.825 Thread 0x000001dcdabea740 nmethod 977 0x000001dccd16d090 code [0x000001dccd16d220, 0x000001dccd16d2f8]
Event: 1.828 Thread 0x000001dcdabea740  979       3       java.nio.MappedByteBuffer::position (6 bytes)
Event: 1.829 Thread 0x000001dcdabea740 nmethod 979 0x000001dcc5d51d90 code [0x000001dcc5d51f40, 0x000001dcc5d52148]
Event: 1.829 Thread 0x000001dcdabea740  980       3       java.lang.String::getChars (54 bytes)
Event: 1.830 Thread 0x000001dcdabea740 nmethod 980 0x000001dcc5d52290 code [0x000001dcc5d524c0, 0x000001dcc5d52bf8]
Event: 1.830 Thread 0x000001dcdabea740  981       3       java.lang.StringLatin1::getChars (12 bytes)
Event: 1.830 Thread 0x000001dcdabe1a30  982       4       java.nio.ByteBufferAsCharBufferB::get (30 bytes)
Event: 1.830 Thread 0x000001dcdabea740 nmethod 981 0x000001dcc5d52f10 code [0x000001dcc5d530a0, 0x000001dcc5d531c8]
Event: 1.830 Thread 0x000001dcdabea740  983       3       java.nio.ByteBuffer::clear (7 bytes)
Event: 1.831 Thread 0x000001dcdabea740 nmethod 983 0x000001dcc5d53290 code [0x000001dcc5d53420, 0x000001dcc5d53598]
Event: 1.831 Thread 0x000001dcdabea740  984       3       java.util.concurrent.ConcurrentHashMap::put (8 bytes)
Event: 1.831 Thread 0x000001dcdabea740 nmethod 984 0x000001dcc5d53690 code [0x000001dcc5d53820, 0x000001dcc5d53968]
Event: 1.831 Thread 0x000001dcdabea740  985   !   3       sun.nio.ch.FileChannelImpl::position (258 bytes)
Event: 1.831 Thread 0x000001dcdabe1a30 nmethod 982 0x000001dccd16d390 code [0x000001dccd16d500, 0x000001dccd16d618]
Event: 1.833 Thread 0x000001dcdabea740 nmethod 985 0x000001dcc5d53a10 code [0x000001dcc5d53d00, 0x000001dcc5d54ca8]
Event: 1.833 Thread 0x000001dcdabea740  986       3       sun.nio.ch.FileDispatcherImpl::seek (6 bytes)
Event: 1.833 Thread 0x000001dcdabea740 nmethod 986 0x000001dcc5d55490 code [0x000001dcc5d55620, 0x000001dcc5d55768]
Event: 1.833 Thread 0x000001dcdabea740  987       3       sun.nio.ch.IOUtil::bufferAddress (10 bytes)
Event: 1.833 Thread 0x000001dcdabea740 nmethod 987 0x000001dcc5d55810 code [0x000001dcc5d559a0, 0x000001dcc5d55b18]

GC Heap History (2 events):
Event: 1.112 GC heap before
{Heap before GC invocations=0 (full 0):
 garbage-first heap   total 98304K, used 49152K [0x00000000a0e00000, 0x0000000100000000)
  region size 1024K, 23 young (23552K), 0 survivors (0K)
 Metaspace       used 5021K, committed 5184K, reserved 1114112K
  class space    used 516K, committed 576K, reserved 1048576K
}
Event: 1.118 GC heap after
{Heap after GC invocations=1 (full 0):
 garbage-first heap   total 98304K, used 29776K [0x00000000a0e00000, 0x0000000100000000)
  region size 1024K, 3 young (3072K), 3 survivors (3072K)
 Metaspace       used 5021K, committed 5184K, reserved 1114112K
  class space    used 516K, committed 576K, reserved 1048576K
}

Deoptimization events (20 events):
Event: 1.607 Thread 0x000001dcbdcfd270 Uncommon trap: trap_request=0xffffff45 fr.pc=0x000001dccd12a190 relative=0x0000000000000210
Event: 1.607 Thread 0x000001dcbdcfd270 Uncommon trap: reason=unstable_if action=reinterpret pc=0x000001dccd12a190 method=java.lang.StringUTF16.compress([CI[BII)I @ 20 c2
Event: 1.607 Thread 0x000001dcbdcfd270 DEOPT PACKING pc=0x000001dccd12a190 sp=0x00000070e4afd990
Event: 1.607 Thread 0x000001dcbdcfd270 DEOPT UNPACKING pc=0x000001dcc56823a3 sp=0x00000070e4afd910 mode 2
Event: 1.755 Thread 0x000001dce5c46300 Uncommon trap: trap_request=0xffffffde fr.pc=0x000001dccd16314c relative=0x000000000000028c
Event: 1.755 Thread 0x000001dce5c46300 Uncommon trap: reason=class_check action=maybe_recompile pc=0x000001dccd16314c method=java.util.HashMap.getNode(Ljava/lang/Object;)Ljava/util/HashMap$Node; @ 63 c2
Event: 1.755 Thread 0x000001dce5c46300 DEOPT PACKING pc=0x000001dccd16314c sp=0x00000070e72fd560
Event: 1.755 Thread 0x000001dce5c46300 DEOPT UNPACKING pc=0x000001dcc56823a3 sp=0x00000070e72fd4c8 mode 2
Event: 1.761 Thread 0x000001dce5c46300 Uncommon trap: trap_request=0xffffffde fr.pc=0x000001dccd16314c relative=0x000000000000028c
Event: 1.761 Thread 0x000001dce5c46300 Uncommon trap: reason=class_check action=maybe_recompile pc=0x000001dccd16314c method=java.util.HashMap.getNode(Ljava/lang/Object;)Ljava/util/HashMap$Node; @ 63 c2
Event: 1.761 Thread 0x000001dce5c46300 DEOPT PACKING pc=0x000001dccd16314c sp=0x00000070e72fd450
Event: 1.761 Thread 0x000001dce5c46300 DEOPT UNPACKING pc=0x000001dcc56823a3 sp=0x00000070e72fd3b8 mode 2
Event: 1.763 Thread 0x000001dce5c46300 Uncommon trap: trap_request=0xffffffde fr.pc=0x000001dccd16314c relative=0x000000000000028c
Event: 1.763 Thread 0x000001dce5c46300 Uncommon trap: reason=class_check action=maybe_recompile pc=0x000001dccd16314c method=java.util.HashMap.getNode(Ljava/lang/Object;)Ljava/util/HashMap$Node; @ 63 c2
Event: 1.763 Thread 0x000001dce5c46300 DEOPT PACKING pc=0x000001dccd16314c sp=0x00000070e72fd560
Event: 1.763 Thread 0x000001dce5c46300 DEOPT UNPACKING pc=0x000001dcc56823a3 sp=0x00000070e72fd4c8 mode 2
Event: 1.776 Thread 0x000001dce5c46300 Uncommon trap: trap_request=0xffffffde fr.pc=0x000001dccd16314c relative=0x000000000000028c
Event: 1.776 Thread 0x000001dce5c46300 Uncommon trap: reason=class_check action=maybe_recompile pc=0x000001dccd16314c method=java.util.HashMap.getNode(Ljava/lang/Object;)Ljava/util/HashMap$Node; @ 63 c2
Event: 1.776 Thread 0x000001dce5c46300 DEOPT PACKING pc=0x000001dccd16314c sp=0x00000070e72fd450
Event: 1.776 Thread 0x000001dce5c46300 DEOPT UNPACKING pc=0x000001dcc56823a3 sp=0x00000070e72fd3b8 mode 2

Classes loaded (20 events):
Event: 1.735 Loading class sun/awt/image/BufImgSurfaceData$ICMColorData
Event: 1.735 Loading class sun/awt/image/BufImgSurfaceData$ICMColorData done
Event: 1.736 Loading class sun/java2d/d3d/D3DSurfaceDataProxy
Event: 1.736 Loading class sun/java2d/d3d/D3DSurfaceDataProxy done
Event: 1.756 Loading class sun/font/CompositeGlyphMapper
Event: 1.756 Loading class sun/font/CompositeGlyphMapper done
Event: 1.761 Loading class java/awt/print/PrinterGraphics
Event: 1.762 Loading class java/awt/print/PrinterGraphics done
Event: 1.762 Loading class java/awt/PrintGraphics
Event: 1.762 Loading class java/awt/PrintGraphics done
Event: 1.762 Loading class sun/java2d/loops/FontInfo
Event: 1.762 Loading class sun/java2d/loops/FontInfo done
Event: 1.762 Loading class javax/swing/plaf/metal/MetalUtils
Event: 1.762 Loading class javax/swing/plaf/metal/MetalUtils done
Event: 1.763 Loading class javax/swing/JToolBar
Event: 1.763 Loading class javax/swing/JToolBar done
Event: 1.785 Loading class sun/font/SunFontManager$FamilyDescription
Event: 1.785 Loading class sun/font/SunFontManager$FamilyDescription done
Event: 1.785 Loading class sun/font/SunFontManager$4
Event: 1.786 Loading class sun/font/SunFontManager$4 done

Classes unloaded (0 events):
No events

Classes redefined (0 events):
No events

Internal exceptions (20 events):
Event: 0.195 Thread 0x000001dcbdcfd270 Exception <a 'sun/nio/fs/WindowsException'{0x00000000a6c39518}> (0x00000000a6c39518) 
thrown [s\open\src\hotspot\share\prims\jni.cpp, line 516]
Event: 0.195 Thread 0x000001dcbdcfd270 Exception <a 'sun/nio/fs/WindowsException'{0x00000000a6c3a068}> (0x00000000a6c3a068) 
thrown [s\open\src\hotspot\share\prims\jni.cpp, line 516]
Event: 0.247 Thread 0x000001dcbdcfd270 Exception <a 'java/lang/ClassNotFoundException'{0x00000000a6b03290}: sun/awt/resources/spi/awtProvider> (0x00000000a6b03290) 
thrown [s\open\src\hotspot\share\classfile\systemDictionary.cpp, line 255]
Event: 0.274 Thread 0x000001dcbdcfd270 Exception <a 'java/io/FileNotFoundException'{0x00000000a6b56ac0}> (0x00000000a6b56ac0) 
thrown [s\open\src\hotspot\share\prims\jni.cpp, line 516]
Event: 0.282 Thread 0x000001dcbdcfd270 Exception <a 'java/io/FileNotFoundException'{0x00000000a6b83d30}> (0x00000000a6b83d30) 
thrown [s\open\src\hotspot\share\prims\jni.cpp, line 516]
Event: 0.345 Thread 0x000001dcbdcfd270 Exception <a 'java/lang/NoSuchMethodError'{0x00000000a6bc80a0}: 'java.lang.Object java.lang.invoke.DirectMethodHandle$Holder.invokeStaticInit(java.lang.Object)'> (0x00000000a6bc80a0) 
thrown [s\open\src\hotspot\share\interpreter\linkResolver.cpp, line 759]
Event: 0.526 Thread 0x000001dcbdcfd270 Exception <a 'java/lang/NoSuchMethodError'{0x00000000a6a9ce28}: 'void java.lang.invoke.DirectMethodHandle$Holder.invokeSpecial(java.lang.Object, java.lang.Object, java.lang.Object)'> (0x00000000a6a9ce28) 
thrown [s\open\src\hotspot\share\interpreter\linkResolver.cpp, line 759]
Event: 0.547 Thread 0x000001dcbdcfd270 Exception <a 'java/lang/NoSuchMethodError'{0x00000000a6ac7eb8}: 'java.lang.Object java.lang.invoke.DirectMethodHandle$Holder.newInvokeSpecial(java.lang.Object, java.lang.Object, java.lang.Object, java.lang.Object, java.lang.Object)'> (0x00000000a6ac7eb8) 
thrown [s\open\src\hotspot\share\interpreter\linkResolver.cpp, line 759]
Event: 0.571 Thread 0x000001dcbdcfd270 Exception <a 'java/lang/NoSuchMethodError'{0x00000000a6af9c30}: 'java.lang.Object java.lang.invoke.DirectMethodHandle$Holder.invokeStatic(java.lang.Object, int, java.lang.Object)'> (0x00000000a6af9c30) 
thrown [s\open\src\hotspot\share\interpreter\linkResolver.cpp, line 759]
Event: 0.642 Thread 0x000001dcbdcfd270 Exception <a 'java/lang/ClassNotFoundException'{0x00000000a69b6dc0}: com/sun/swing/internal/plaf/metal/resources/spi/metalProvider> (0x00000000a69b6dc0) 
thrown [s\open\src\hotspot\share\classfile\systemDictionary.cpp, line 255]
Event: 0.644 Thread 0x000001dcbdcfd270 Exception <a 'java/lang/ClassNotFoundException'{0x00000000a69badf8}: com/sun/swing/internal/plaf/basic/resources/spi/basicProvider> (0x00000000a69badf8) 
thrown [s\open\src\hotspot\share\classfile\systemDictionary.cpp, line 255]
Event: 0.658 Thread 0x000001dcbdcfd270 Exception <a 'java/lang/NoSuchMethodError'{0x00000000a69db1f8}: 'int java.lang.invoke.Invokers$Holder.invokeExact_MT(java.lang.Object, java.lang.Object)'> (0x00000000a69db1f8) 
thrown [s\open\src\hotspot\share\interpreter\linkResolver.cpp, line 759]
Event: 0.733 Thread 0x000001dce3dbd4b0 Exception <a 'java/lang/NoSuchMethodError'{0x00000000a6767468}: 'java.lang.Object java.lang.invoke.DirectMethodHandle$Holder.newInvokeSpecial(java.lang.Object, java.lang.Object, java.lang.Object, int, int, int, int, int)'> (0x00000000a6767468) 
thrown [s\open\src\hotspot\share\interpreter\linkResolver.cpp, line 759]
Event: 0.833 Thread 0x000001dce3dbd4b0 Implicit null exception at 0x000001dccd13320a to 0x000001dccd133a04
Event: 1.378 Thread 0x000001dce3e39400 Implicit null exception at 0x000001dccd147270 to 0x000001dccd14b0e9
Event: 1.464 Thread 0x000001dce3dbd4b0 Implicit null exception at 0x000001dccd147270 to 0x000001dccd14b0e9
Event: 1.501 Thread 0x000001dce3e39400 Implicit null exception at 0x000001dccd147270 to 0x000001dccd14b0e9
Event: 1.504 Thread 0x000001dce3dbd4b0 Implicit null exception at 0x000001dccd147270 to 0x000001dccd14b0e9
Event: 1.565 Thread 0x000001dcdf2d8270 Exception <a 'java/lang/NoSuchMethodError'{0x00000000a5baed80}: 'void java.lang.invoke.DirectMethodHandle$Holder.invokeVirtual(java.lang.Object, java.lang.Object)'> (0x00000000a5baed80) 
thrown [s\open\src\hotspot\share\interpreter\linkResolver.cpp, line 759]
Event: 1.588 Thread 0x000001dcbdcfd270 Exception <a 'java/lang/NoSuchMethodError'{0x00000000a6385ad8}: 'void java.lang.invoke.DirectMethodHandle$Holder.invokeStaticInit(java.lang.Object)'> (0x00000000a6385ad8) 
thrown [s\open\src\hotspot\share\interpreter\linkResolver.cpp, line 759]

VM Operations (10 events):
Event: 0.196 Executing VM operation: HandshakeAllThreads
Event: 0.196 Executing VM operation: HandshakeAllThreads done
Event: 0.847 Executing VM operation: HandshakeAllThreads
Event: 0.847 Executing VM operation: HandshakeAllThreads done
Event: 1.112 Executing VM operation: G1CollectForAllocation
Event: 1.118 Executing VM operation: G1CollectForAllocation done
Event: 1.697 Executing VM operation: HandshakeAllThreads
Event: 1.697 Executing VM operation: HandshakeAllThreads done
Event: 1.721 Executing VM operation: HandshakeAllThreads
Event: 1.721 Executing VM operation: HandshakeAllThreads done

Events (20 events):
Event: 0.191 Loaded shared library C:\Program Files\Java\jdk-18.0.2.1\bin\nio.dll
Event: 0.211 Thread 0x000001dcdf121d20 Thread added: 0x000001dcdf121d20
Event: 0.218 Loaded shared library C:\Program Files\Java\jdk-18.0.2.1\bin\zip.dll
Event: 0.240 Loaded shared library C:\Program Files\Java\jdk-18.0.2.1\bin\jimage.dll
Event: 0.259 Loaded shared library C:\Program Files\Java\jdk-18.0.2.1\bin\awt.dll
Event: 0.346 Thread 0x000001dcdf2d0d10 Thread added: 0x000001dcdf2d0d10
Event: 0.348 Thread 0x000001dcdf2d7db0 Thread added: 0x000001dcdf2d7db0
Event: 0.349 Thread 0x000001dcdf2d8270 Thread added: 0x000001dcdf2d8270
Event: 0.669 Thread 0x000001dce3dbd4b0 Thread added: 0x000001dce3dbd4b0
Event: 0.731 Loaded shared library C:\Program Files\Java\jdk-18.0.2.1\bin\javajpeg.dll
Event: 0.830 Thread 0x000001dce3e39400 Thread added: 0x000001dce3e39400
Event: 0.843 Thread 0x000001dce3e037b0 Thread added: 0x000001dce3e037b0
Event: 1.496 Thread 0x000001dcdf2d7db0 Thread exited: 0x000001dcdf2d7db0
Event: 1.554 Thread 0x000001dce5c48980 Thread added: 0x000001dce5c48980
Event: 1.569 Thread 0x000001dce5c46300 Thread added: 0x000001dce5c46300
Event: 1.594 Loaded shared library C:\Program Files\Java\jdk-18.0.2.1\bin\freetype.dll
Event: 1.596 Loaded shared library C:\Program Files\Java\jdk-18.0.2.1\bin\fontmanager.dll
Event: 1.683 Thread 0x000001dcbdcfd270 Thread exited: 0x000001dcbdcfd270
Event: 1.683 Thread 0x000001dce5c484b0 Thread added: 0x000001dce5c484b0
Event: 1.705 Thread 0x000001dce5c45960 Thread added: 0x000001dce5c45960


Dynamic libraries:
0x00007ff788340000 - 0x00007ff788350000 	C:\Program Files\Java\jdk-18.0.2.1\bin\java.exe
0x00007ffd41b10000 - 0x00007ffd41d24000 	C:\WINDOWS\SYSTEM32\ntdll.dll
0x00007ffd40730000 - 0x00007ffd407f3000 	C:\WINDOWS\System32\KERNEL32.DLL
0x00007ffd3f530000 - 0x00007ffd3f8cd000 	C:\WINDOWS\System32\KERNELBASE.dll
0x00007ffd3f410000 - 0x00007ffd3f521000 	C:\WINDOWS\System32\ucrtbase.dll
0x00007ffd134a0000 - 0x00007ffd134ba000 	C:\Program Files\Java\jdk-18.0.2.1\bin\VCRUNTIME140.dll
0x00007ffd2e6c0000 - 0x00007ffd2e6d8000 	C:\Program Files\Java\jdk-18.0.2.1\bin\jli.dll
0x00007ffd3ff10000 - 0x00007ffd3ffbe000 	C:\WINDOWS\System32\ADVAPI32.dll
0x00007ffd40ae0000 - 0x00007ffd40b87000 	C:\WINDOWS\System32\msvcrt.dll
0x00007ffd40680000 - 0x00007ffd40724000 	C:\WINDOWS\System32\sechost.dll
0x00007ffd409b0000 - 0x00007ffd40ac5000 	C:\WINDOWS\System32\RPCRT4.dll
0x00007ffd3fd60000 - 0x00007ffd3ff0d000 	C:\WINDOWS\System32\USER32.dll
0x00007ffd2df00000 - 0x00007ffd2e18e000 	C:\WINDOWS\WinSxS\amd64_microsoft.windows.common-controls_6595b64144ccf1df_6.0.22621.608_none_a9444ca7c10bb01d\COMCTL32.dll
0x00007ffd3f8d0000 - 0x00007ffd3f8f6000 	C:\WINDOWS\System32\win32u.dll
0x00007ffd40b90000 - 0x00007ffd40bb9000 	C:\WINDOWS\System32\GDI32.dll
0x00007ffd3f230000 - 0x00007ffd3f342000 	C:\WINDOWS\System32\gdi32full.dll
0x00007ffd3f120000 - 0x00007ffd3f1ba000 	C:\WINDOWS\System32\msvcp_win.dll
0x00007ffd37f60000 - 0x00007ffd37f6a000 	C:\WINDOWS\SYSTEM32\VERSION.dll
0x00007ffd41a10000 - 0x00007ffd41a42000 	C:\WINDOWS\System32\IMM32.DLL
0x00007ffd2ef20000 - 0x00007ffd2ef2c000 	C:\Program Files\Java\jdk-18.0.2.1\bin\vcruntime140_1.dll
0x00007ffcc1670000 - 0x00007ffcc16fd000 	C:\Program Files\Java\jdk-18.0.2.1\bin\msvcp140.dll
0x00007ffc9f6c0000 - 0x00007ffca02d1000 	C:\Program Files\Java\jdk-18.0.2.1\bin\server\jvm.dll
0x00007ffd409a0000 - 0x00007ffd409a8000 	C:\WINDOWS\System32\PSAPI.DLL
0x00007ffd30470000 - 0x00007ffd30479000 	C:\WINDOWS\SYSTEM32\WSOCK32.dll
0x00007ffd373d0000 - 0x00007ffd37404000 	C:\WINDOWS\SYSTEM32\WINMM.dll
0x00007ffd40800000 - 0x00007ffd40871000 	C:\WINDOWS\System32\WS2_32.dll
0x00007ffd3df60000 - 0x00007ffd3df78000 	C:\WINDOWS\SYSTEM32\kernel.appcore.dll
0x00007ffd2ea20000 - 0x00007ffd2ea2a000 	C:\Program Files\Java\jdk-18.0.2.1\bin\jimage.dll
0x00007ffd3ca20000 - 0x00007ffd3cc4e000 	C:\WINDOWS\SYSTEM32\DBGHELP.DLL
0x00007ffd402f0000 - 0x00007ffd4067a000 	C:\WINDOWS\System32\combase.dll
0x00007ffd40210000 - 0x00007ffd402e7000 	C:\WINDOWS\System32\OLEAUT32.dll
0x00007ffd2a4f0000 - 0x00007ffd2a522000 	C:\WINDOWS\SYSTEM32\dbgcore.DLL
0x00007ffd3f0a0000 - 0x00007ffd3f11b000 	C:\WINDOWS\System32\bcryptPrimitives.dll
0x00007ffd09950000 - 0x00007ffd09975000 	C:\Program Files\Java\jdk-18.0.2.1\bin\java.dll
0x00007ffcc67a0000 - 0x00007ffcc6876000 	C:\Program Files\Java\jdk-18.0.2.1\bin\jsvml.dll
0x00007ffd41220000 - 0x00007ffd41a0f000 	C:\WINDOWS\System32\SHELL32.dll
0x00007ffd3cf10000 - 0x00007ffd3d7d8000 	C:\WINDOWS\SYSTEM32\windows.storage.dll
0x00007ffd3cdd0000 - 0x00007ffd3cf0e000 	C:\WINDOWS\SYSTEM32\wintypes.dll
0x00007ffd40c40000 - 0x00007ffd40d31000 	C:\WINDOWS\System32\SHCORE.dll
0x00007ffd3ffc0000 - 0x00007ffd4001e000 	C:\WINDOWS\System32\shlwapi.dll
0x00007ffd3ee60000 - 0x00007ffd3ee81000 	C:\WINDOWS\SYSTEM32\profapi.dll
0x00007ffd0f580000 - 0x00007ffd0f593000 	C:\Program Files\Java\jdk-18.0.2.1\bin\net.dll
0x00007ffd361c0000 - 0x00007ffd362ef000 	C:\WINDOWS\SYSTEM32\WINHTTP.dll
0x00007ffd3e3d0000 - 0x00007ffd3e439000 	C:\WINDOWS\system32\mswsock.dll
0x00007ffd0dc00000 - 0x00007ffd0dc16000 	C:\Program Files\Java\jdk-18.0.2.1\bin\nio.dll
0x00007ffd0dba0000 - 0x00007ffd0dbb8000 	C:\Program Files\Java\jdk-18.0.2.1\bin\zip.dll
0x00007ffcc1700000 - 0x00007ffcc188f000 	C:\Program Files\Java\jdk-18.0.2.1\bin\awt.dll
0x00007ffd3c050000 - 0x00007ffd3c0e7000 	C:\WINDOWS\SYSTEM32\apphelp.dll
0x00007ffd3c460000 - 0x00007ffd3c48b000 	C:\WINDOWS\system32\DWMAPI.DLL
0x00007ffd3c1f0000 - 0x00007ffd3c29b000 	C:\WINDOWS\system32\uxtheme.dll
0x00007ffcecf20000 - 0x00007ffced020000 	C:\WINDOWS\system32\opengl32.dll
0x00007ffd10530000 - 0x00007ffd1055d000 	C:\WINDOWS\SYSTEM32\GLU32.dll
0x00007ffd3c300000 - 0x00007ffd3c336000 	C:\WINDOWS\SYSTEM32\dxcore.dll
0x00007ffd40880000 - 0x00007ffd4099e000 	C:\WINDOWS\System32\MSCTF.dll
0x00007ffd40020000 - 0x00007ffd401bc000 	C:\WINDOWS\System32\ole32.dll
0x00007ffd32480000 - 0x00007ffd32629000 	C:\WINDOWS\system32\d3d9.dll
0x00007ffd35c50000 - 0x00007ffd35e2b000 	C:\WINDOWS\System32\DriverStore\FileRepository\u0357645.inf_amd64_3c66802dbd4d45a0\B357435\aticfx64.dll
0x00007ffd05180000 - 0x00007ffd051b3000 	C:\WINDOWS\System32\DriverStore\FileRepository\u0357645.inf_amd64_3c66802dbd4d45a0\B357435\atiu9p64.dll
0x00007ffcbfd50000 - 0x00007ffcc09e6000 	C:\WINDOWS\System32\DriverStore\FileRepository\u0357645.inf_amd64_3c66802dbd4d45a0\B357435\atiumd64.dll
0x00000000685f0000 - 0x000000006946d000 	C:\WINDOWS\System32\DriverStore\FileRepository\u0357645.inf_amd64_3c66802dbd4d45a0\B357435\atiumd6a.dll
0x00007ffd3eb70000 - 0x00007ffd3ebbd000 	C:\WINDOWS\SYSTEM32\POWRPROF.dll
0x00007ffd3eb50000 - 0x00007ffd3eb63000 	C:\WINDOWS\SYSTEM32\UMPDC.dll
0x00007ffd34180000 - 0x00007ffd341af000 	C:\WINDOWS\SYSTEM32\amdihk64.dll
0x00007ffd39b10000 - 0x00007ffd39b59000 	C:\WINDOWS\SYSTEM32\directxdatabasehelper.dll
0x00007ffd078b0000 - 0x00007ffd078dd000 	C:\Program Files\Java\jdk-18.0.2.1\bin\javajpeg.dll
0x00007ffcc15e0000 - 0x00007ffcc1666000 	C:\Program Files\Java\jdk-18.0.2.1\bin\freetype.dll
0x00007ffcc1530000 - 0x00007ffcc15d8000 	C:\Program Files\Java\jdk-18.0.2.1\bin\fontmanager.dll
0x00007ffd2ef30000 - 0x00007ffd2f05d000 	C:\WINDOWS\SYSTEM32\textinputframework.dll
0x00007ffd3bc80000 - 0x00007ffd3bdb3000 	C:\WINDOWS\SYSTEM32\CoreMessaging.dll
0x00007ffd38f40000 - 0x00007ffd392ac000 	C:\WINDOWS\SYSTEM32\CoreUIComponents.dll
0x00007ffd3e6d0000 - 0x00007ffd3e6dc000 	C:\WINDOWS\SYSTEM32\CRYPTBASE.DLL

dbghelp: loaded successfully - version: 4.0.5 - missing functions: none
symbol engine: initialized successfully - sym options: 0x614 - pdb path: .;C:\Program Files\Java\jdk-18.0.2.1\bin;C:\WINDOWS\SYSTEM32;C:\WINDOWS\WinSxS\amd64_microsoft.windows.common-controls_6595b64144ccf1df_6.0.22621.608_none_a9444ca7c10bb01d;C:\Program Files\Java\jdk-18.0.2.1\bin\server;C:\WINDOWS\System32\DriverStore\FileRepository\u0357645.inf_amd64_3c66802dbd4d45a0\B357435

VM Arguments:
jvm_args: -Dfile.encoding=UTF-8 --module-path=C:\Users\Ruthvik Bangera\Desktop\elec demo\Electricity-Billing-System\build\classes 
java_command: electricity.billing.system.Project
java_class_path (initial): C:\Users\Ruthvik Bangera\Downloads\rs2xml.jar;C:\Users\Ruthvik Bangera\Downloads\mysql-connector-java-8.0.28 (1).jar;C:\Users\Ruthvik Bangera\Desktop\elec demo\Electricity-Billing-System\build\classes
Launcher Type: SUN_STANDARD

[Global flags]
     intx CICompilerCount                          = 4                                         {product} {ergonomic}
     uint ConcGCThreads                            = 2                                         {product} {ergonomic}
     uint G1ConcRefinementThreads                  = 8                                         {product} {ergonomic}
   size_t G1HeapRegionSize                         = 1048576                                   {product} {ergonomic}
    uintx GCDrainStackTargetSize                   = 64                                        {product} {ergonomic}
   size_t InitialHeapSize                          = 100663296                                 {product} {ergonomic}
   size_t MarkStackSize                            = 4194304                                   {product} {ergonomic}
   size_t MaxHeapSize                              = 1595932672                                {product} {ergonomic}
   size_t MaxNewSize                               = 957349888                                 {product} {ergonomic}
   size_t MinHeapDeltaBytes                        = 1048576                                   {product} {ergonomic}
   size_t MinHeapSize                              = 8388608                                   {product} {ergonomic}
    uintx NonNMethodCodeHeapSize                   = 5839372                                {pd product} {ergonomic}
    uintx NonProfiledCodeHeapSize                  = 122909434                              {pd product} {ergonomic}
    uintx ProfiledCodeHeapSize                     = 122909434                              {pd product} {ergonomic}
    uintx ReservedCodeCacheSize                    = 251658240                              {pd product} {ergonomic}
     bool SegmentedCodeCache                       = true                                      {product} {ergonomic}
   size_t SoftMaxHeapSize                          = 1595932672                             {manageable} {ergonomic}
     bool UseCompressedClassPointers               = true                           {product lp64_product} {ergonomic}
     bool UseCompressedOops                        = true                           {product lp64_product} {ergonomic}
     bool UseG1GC                                  = true                                      {product} {ergonomic}
     bool UseLargePagesIndividualAllocation        = false                                  {pd product} {ergonomic}

Logging:
Log output configuration:
 #0: stdout all=warning uptime,level,tags foldmultilines=false
 #1: stderr all=off uptime,level,tags foldmultilines=false

Environment Variables:
PATH=C:\Program Files\Common Files\Oracle\Java\javapath;C:\Windows\system32;C:\Windows;C:\Windows\System32\Wbem;C:\Windows\System32\WindowsPowerShell\v1.0\;C:\Windows\System32\OpenSSH\;C:\Program Files (x86)\NVIDIA Corporation\PhysX\Common;C:\Program Files\NVIDIA Corporation\NVIDIA NvDLISR;C:\Program Files (x86)\Windows Kits\8.1\Windows Performance Toolkit\;C:\Program Files\MATLAB\R2021b\runtime\win64;C:\Program Files\MATLAB\R2021b\bin;C:\WINDOWS\system32;C:\WINDOWS;C:\WINDOWS\System32\Wbem;C:\WINDOWS\System32\WindowsPowerShell\v1.0\;C:\WINDOWS\System32\OpenSSH\;C:\Program Files\Git\cmd;C:\Program Files\MySQL\MySQL Shell 8.0\bin\;C:\Users\Ruthvik Bangera\AppData\Local\Microsoft\WindowsApps;;C:\Users\Ruthvik Bangera\AppData\Local\Programs\Microsoft VS Code\bin
USERNAME=Ruthvik Bangera
OS=Windows_NT
PROCESSOR_IDENTIFIER=AMD64 Family 23 Model 24 Stepping 1, AuthenticAMD



---------------  S Y S T E M  ---------------

OS:
 Windows 11 , 64 bit Build 22621 (10.0.22621.963)
OS uptime: 9 days 2:38 hours
Hyper-V role detected

CPU: total 8 (initial active 8) (8 cores per cpu, 2 threads per core) family 23 model 24 stepping 1 microcode 0x0, cx8, cmov, fxsr, ht, mmx, 3dnowpref, sse, sse2, sse3, ssse3, sse4a, sse4.1, sse4.2, popcnt, lzcnt, tsc, tscinvbit, avx, avx2, aes, clmul, bmi1, bmi2, adx, sha, fma, vzeroupper, clflush, clflushopt, hv

Memory: 4k page, system-wide physical 6081M (393M free)
TotalPageFile size 24513M (AvailPageFile size 4M)
current process WorkingSet (physical memory assigned to process): 164M, peak: 164M
current process commit charge ("private bytes"): 275M, peak: 280M

vm_info: Java HotSpot(TM) 64-Bit Server VM (18.0.2.1+1-1) for windows-amd64 JRE (18.0.2.1+1-1), built on Aug 16 2022 01:46:33 by "mach5one" with MS VC++ 16.8 / 16.9 (VS2019)

END.
